#
# A fatal error has been detected by the Java Runtime Environment:
#
#  EXCEPTION_ACCESS_VIOLATION (0xc0000005) at pc=0x00007ffdd73608f1, pid=1192, tid=12796
#
# JRE version: OpenJDK Runtime Environment (20.0.2+9) (build 20.0.2+9-78)
# Java VM: OpenJDK 64-Bit Server VM (20.0.2+9-78, mixed mode, sharing, tiered, compressed oops, compressed class ptrs, g1 gc, windows-amd64)
# Problematic frame:
# V  [jvm.dll+0x1408f1]
#
# No core dump will be written. Minidumps are not enabled by default on client versions of Windows
#
# If you would like to submit a bug report, please visit:
#   https://bugreport.java.com/bugreport/crash.jsp
#

---------------  S U M M A R Y ------------

Command Line: --add-opens=java.base/java.util=ALL-UNNAMED --add-opens=java.base/java.lang=ALL-UNNAMED --add-opens=java.base/java.lang.invoke=ALL-UNNAMED --add-opens=java.prefs/java.util.prefs=ALL-UNNAMED --add-opens=java.base/java.nio.charset=ALL-UNNAMED --add-opens=java.base/java.net=ALL-UNNAMED --add-opens=java.base/java.util.concurrent.atomic=ALL-UNNAMED -XX:MaxMetaspaceSize=384m -XX:+HeapDumpOnOutOfMemoryError -Xms256m -Xmx512m -Dfile.encoding=windows-1252 -Duser.country=US -Duser.language=en -Duser.variant -javaagent:C:\Users\hieuh\.gradle\wrapper\dists\gradle-8.2-bin\bbg7u40eoinfdyxsxr3z4i7ta\gradle-8.2\lib\agents\gradle-instrumentation-agent-8.2.jar org.gradle.launcher.daemon.bootstrap.GradleDaemon 8.2

Host: Intel(R) Core(TM) i3-4010U CPU @ 1.70GHz, 4 cores, 3G,  Windows 11 , 64 bit Build 22621 (10.0.22621.2506)
Time: Tue Dec 26 10:53:28 2023 SE Asia Standard Time elapsed time: 2772.506464 seconds (0d 0h 46m 12s)

---------------  T H R E A D  ---------------

Current thread (0x0000026b82f11650):  WorkerThread "G1 Conc#0" [stack: 0x000000b43f400000,0x000000b43f500000] [id=12796]

Stack: [0x000000b43f400000,0x000000b43f500000],  sp=0x000000b43f4ff408,  free space=1021k
Native frames: (J=compiled Java code, j=interpreted, Vv=VM code, C=native code)
V  [jvm.dll+0x1408f1]


siginfo: EXCEPTION_ACCESS_VIOLATION (0xc0000005), reading address 0x0000000000000100


Registers:
RAX=0x0000000000000000, RBX=0x0000026b82f12401, RCX=0x0000026b9d000000, RDX=0x00000000e1da2740
RSP=0x000000b43f4ff408, RBP=0x0000000000000000, RSI=0x0000026b82f0b320, RDI=0x00000000e1da2740
R8 =0x0000026b9d000000, R9 =0x0000000000000000, R10=0x0000026b82eef0b0, R11=0x0000000000000004
R12=0x0000000000000000, R13=0xaaaaaaaaaaaaaaab, R14=0x0000000000000000, R15=0x000000b43f4ff5d0
RIP=0x00007ffdd73608f1, EFLAGS=0x0000000000010246


Register to memory mapping:

RIP=0x00007ffdd73608f1 jvm.dll
RAX=0x0 is NULL
RBX=0x0000026b82f12401 points into unknown readable memory: ff ff ff 06 ab 09 35
RCX=0x0000026b9d000000 is pointing into metadata
RDX=
[error occurred during error reporting (printing register info), id 0xc0000005, EXCEPTION_ACCESS_VIOLATION (0xc0000005) at pc=0x00007ffdd73608f1]
Top of Stack: (sp=0x000000b43f4ff408)
0x000000b43f4ff408:   00007ffdd753cf0a 0000026b82f10490
0x000000b43f4ff418:   00007ffdd753ce76 00000000e16e2e40
0x000000b43f4ff428:   00007ffdd753ccdf 00000000e1da2740
0x000000b43f4ff438:   00007ffdd753ccdf 0000026b82f12490
0x000000b43f4ff448:   00000000e31b6920 00000000e31c2920
0x000000b43f4ff458:   00007ffdd753c29e 000000b43f4ff610
0x000000b43f4ff468:   00007ffdd753be2d 00000000e31c02cc
0x000000b43f4ff478:   00007ffdd753a60d 00000000e18c80e0
0x000000b43f4ff488:   00007ffdd754a8a6 00000000e31be920
0x000000b43f4ff498:   0000000000000800 0000026b82f12498
0x000000b43f4ff4a8:   00007ffdd7559e7c 00000000e31b6920
0x000000b43f4ff4b8:   00000000e31be920 0000000000000800
0x000000b43f4ff4c8:   0000000000000000 00000000e31be920
0x000000b43f4ff4d8:   0000000000000800 00000000e31be920
0x000000b43f4ff4e8:   00007ffdd755655f 0000026b82f12490
0x000000b43f4ff4f8:   0000000000000040 0000000000000040
0x000000b43f4ff508:   00007ffdd7558ab2 0000000000000001
0x000000b43f4ff518:   00000000e31b6920 000000b43f4ff5d0
0x000000b43f4ff528:   0000026b82f0b330 0000000000636d24
0x000000b43f4ff538:   00007ffdd755501c 0000000000636d24
0x000000b43f4ff548:   0000000000000000 00000000e31be921
0x000000b43f4ff558:   00007ffdd7556724 0000000000640000
0x000000b43f4ff568:   00007ffdd7556c9c 00000000e31b6818
0x000000b43f4ff578:   0000000000636d24 000000000042c1d8
0x000000b43f4ff588:   00000000003b9aca 0000026b82f11930
0x000000b43f4ff598:   0000000000000001 0000026b82f12490
0x000000b43f4ff5a8:   00007ffdd75558e9 0000026b82f12528
0x000000b43f4ff5b8:   0000000000000000 000000b43f3ff401
0x000000b43f4ff5c8:   0000000000000000 0000026b82f0b320
0x000000b43f4ff5d8:   0000026b82f12490 00000000e3100000
0x000000b43f4ff5e8:   0000000000020000 00000000e3100000
0x000000b43f4ff5f8:   0000000000020000 00000000fffffffd 

Instructions: (pc=0x00007ffdd73608f1)
0x00007ffdd73607f1:   08 8b 0d f0 37 a0 00 49 d3 e0 4c 03 05 de 37 a0
0x00007ffdd7360801:   00 eb 04 4c 8b 41 08 45 8b 48 08 45 85 c9 7e 0e
0x00007ffdd7360811:   41 f6 c1 01 75 53 41 c1 f9 03 49 63 c1 c3 79 49
0x00007ffdd7360821:   84 c0 41 b8 0c 00 00 00 8b 05 69 49 a0 00 b9 10
0x00007ffdd7360831:   00 00 00 41 0f 45 c8 ff c8 4c 63 c0 41 8b c1 48
0x00007ffdd7360841:   c1 f8 10 0f b6 c0 48 63 14 11 41 8b c9 83 e1 3f
0x00007ffdd7360851:   48 d3 e2 49 8d 0c 10 49 f7 d0 48 03 c1 49 c1 e8
0x00007ffdd7360861:   03 48 c1 e8 03 49 23 c0 c3 49 8b 00 49 8b c8 48
0x00007ffdd7360871:   ff a0 00 01 00 00 cc cc cc cc cc cc cc cc cc 4c
0x00007ffdd7360881:   8b c2 48 8b d1 45 8b 48 08 45 85 c9 7e 0e 41 f6
0x00007ffdd7360891:   c1 01 75 56 41 c1 f9 03 49 63 c1 c3 79 4c 80 3d
0x00007ffdd73608a1:   c5 0f a7 00 00 b8 0c 00 00 00 b9 10 00 00 00 0f
0x00007ffdd73608b1:   45 c8 8b 05 df 48 a0 00 ff c8 4c 63 c0 41 8b c1
0x00007ffdd73608c1:   48 c1 f8 10 48 63 14 11 41 8b c9 83 e1 3f 0f b6
0x00007ffdd73608d1:   c0 48 d3 e2 49 8d 0c 10 49 f7 d0 48 03 c1 49 c1
0x00007ffdd73608e1:   e8 03 48 c1 e8 03 49 23 c0 c3 49 8b 00 49 8b c8
0x00007ffdd73608f1:   48 ff a0 00 01 00 00 cc cc cc cc cc cc cc cc 40
0x00007ffdd7360901:   53 48 83 ec 20 48 8b d9 49 8b c0 33 c9 45 0f b6
0x00007ffdd7360911:   c1 48 89 0b 48 89 4b 08 48 8b cb 48 89 53 10 48
0x00007ffdd7360921:   8b d0 e8 88 09 00 00 48 8b c3 48 83 c4 20 5b c3
0x00007ffdd7360931:   cc cc cc cc cc cc cc cc cc cc cc cc cc cc cc 40
0x00007ffdd7360941:   53 48 83 ec 20 33 c0 44 88 41 10 45 0f b6 c1 48
0x00007ffdd7360951:   89 01 48 89 41 08 48 8b d9 e8 61 0a 00 00 48 8b
0x00007ffdd7360961:   c3 48 83 c4 20 5b c3 cc cc cc cc cc cc cc cc 40
0x00007ffdd7360971:   53 48 83 ec 20 33 c0 48 8b d9 48 89 01 48 89 41
0x00007ffdd7360981:   08 e8 e9 0b 00 00 48 8b c3 48 83 c4 20 5b c3 4c
0x00007ffdd7360991:   8b 01 4d 85 c0 74 39 48 8b 41 08 48 8d 14 c5 00
0x00007ffdd73609a1:   00 00 00 48 3b 15 6d 53 a0 00 73 08 49 8b c8 e9
0x00007ffdd73609b1:   fb c4 f7 ff 8b 05 dd 1d a1 00 ff c8 48 63 c8 48
0x00007ffdd73609c1:   03 d1 48 f7 d1 48 23 d1 49 8b c8 e9 0f f6 56 00
0x00007ffdd73609d1:   c3 cc cc cc cc cc cc cc cc cc cc cc cc cc cc 48
0x00007ffdd73609e1:   83 ec 38 4c 8d 0c cd 00 00 00 00 4c 3b 0d 25 53 


Stack slot to memory mapping:
stack at sp + 0 slots: 0x00007ffdd753cf0a jvm.dll
stack at sp + 1 slots: 0x0000026b82f10490 points into unknown readable memory: 0x0000000000000002 | 02 00 00 00 00 00 00 00
stack at sp + 2 slots: 0x00007ffdd753ce76 jvm.dll
stack at sp + 3 slots: 0x00000000e16e2e40 is an oop: java.lang.invoke.MethodType 
{0x00000000e16e2e40} - klass: 'java/lang/invoke/MethodType'
 - ---- fields (total size 5 words):
 - private final synchronized 'rtype' 'Ljava/lang/Class;' @12  a 'java/lang/Class'{0x00000000e0149840} = boolean (0xe0149840)
 - private final synchronized 'ptypes' '[Ljava/lang/Class;' @16  a 'java/lang/Class'[2] {0x00000000e16e2e68} (0xe16e2e68)
 - private synchronized 'form' 'Ljava/lang/invoke/MethodTypeForm;' @20  a 'java/lang/invoke/MethodTypeForm'{0x00000000e0154f60} (0xe0154f60)
 - private synchronized 'wrapAlt' 'Ljava/lang/Object;' @24  NULL (0x00000000)
 - private synchronized 'invokers' 'Ljava/lang/invoke/Invokers;' @28  NULL (0x00000000)
 - private synchronized 'methodDescriptor' 'Ljava/lang/String;' @32  "(Ljava/util/function/Predicate;Ljava/lang/Object;)Z"{0x00000000e16e2e80} (0xe16e2e80)
 - signature: (Ljava/util/function/Predicate;Ljava/lang/Object;)Z
stack at sp + 4 slots: 0x00007ffdd753ccdf jvm.dll
stack at sp + 5 slots: 
[error occurred during error reporting (inspecting top of stack), id 0xc0000005, EXCEPTION_ACCESS_VIOLATION (0xc0000005) at pc=0x00007ffdd73608f1]

---------------  P R O C E S S  ---------------

Threads class SMR info:
_java_thread_list=0x0000026bb6f594d0, length=45, elements={
0x0000026b82ed9c50, 0x0000026b9cfc2f30, 0x0000026b9cfc3e70, 0x0000026b9cfc4eb0,
0x0000026b9cfc6a00, 0x0000026b9cfca360, 0x0000026b9cfcaca0, 0x0000026b9cfcb910,
0x0000026bb5530500, 0x0000026b9cf8e100, 0x0000026bb5767020, 0x0000026bb60e5c50,
0x0000026bb69240a0, 0x0000026bb562f1e0, 0x0000026bb58d64e0, 0x0000026bb58d5a40,
0x0000026bb58d54f0, 0x0000026bb58d6a30, 0x0000026bb772e660, 0x0000026bb772ebb0,
0x0000026bb772d120, 0x0000026bb772f100, 0x0000026bb772c680, 0x0000026bb772d670,
0x0000026bb772f650, 0x0000026bb7729160, 0x0000026bb58297e0, 0x0000026bb772fba0,
0x0000026bb77296b0, 0x0000026bb582d7a0, 0x0000026bb58282a0, 0x0000026bb5829d30,
0x0000026bb582a280, 0x0000026bb5828d40, 0x0000026bb582e240, 0x0000026bb58272b0,
0x0000026bb58287f0, 0x0000026bb582b7c0, 0x0000026bb582a7d0, 0x0000026bb5829290,
0x0000026bb5827d50, 0x0000026bb582ad20, 0x0000026bb582ece0, 0x0000026bb5827800,
0x0000026bb582c260
}

Java Threads: ( => current thread )
  0x0000026b82ed9c50 JavaThread "main" [_thread_blocked, id=5164, stack(0x000000b43f100000,0x000000b43f200000)]
  0x0000026b9cfc2f30 JavaThread "Reference Handler" daemon [_thread_blocked, id=5528, stack(0x000000b43f800000,0x000000b43f900000)]
  0x0000026b9cfc3e70 JavaThread "Finalizer" daemon [_thread_blocked, id=5812, stack(0x000000b43f900000,0x000000b43fa00000)]
  0x0000026b9cfc4eb0 JavaThread "Signal Dispatcher" daemon [_thread_blocked, id=1684, stack(0x000000b43fa00000,0x000000b43fb00000)]
  0x0000026b9cfc6a00 JavaThread "Attach Listener" daemon [_thread_blocked, id=7224, stack(0x000000b43fb00000,0x000000b43fc00000)]
  0x0000026b9cfca360 JavaThread "Service Thread" daemon [_thread_blocked, id=7448, stack(0x000000b43fc00000,0x000000b43fd00000)]
  0x0000026b9cfcaca0 JavaThread "Monitor Deflation Thread" daemon [_thread_blocked, id=9776, stack(0x000000b43fd00000,0x000000b43fe00000)]
  0x0000026b9cfcb910 JavaThread "C2 CompilerThread0" daemon [_thread_blocked, id=8900, stack(0x000000b43fe00000,0x000000b43ff00000)]
  0x0000026bb5530500 JavaThread "C1 CompilerThread0" daemon [_thread_blocked, id=8684, stack(0x000000b43ff00000,0x000000b440000000)]
  0x0000026b9cf8e100 JavaThread "Common-Cleaner" daemon [_thread_blocked, id=14236, stack(0x000000b440000000,0x000000b440100000)]
  0x0000026bb5767020 JavaThread "Notification Thread" daemon [_thread_blocked, id=764, stack(0x000000b440100000,0x000000b440200000)]
  0x0000026bb60e5c50 JavaThread "Daemon health stats" [_thread_blocked, id=9736, stack(0x000000b440600000,0x000000b440700000)]
  0x0000026bb69240a0 JavaThread "Incoming local TCP Connector on port 61156" [_thread_in_native, id=12924, stack(0x000000b440700000,0x000000b440800000)]
  0x0000026bb562f1e0 JavaThread "Daemon periodic checks" [_thread_blocked, id=3124, stack(0x000000b440800000,0x000000b440900000)]
  0x0000026bb58d64e0 JavaThread "Cache worker for journal cache (C:\Users\hieuh\.gradle\caches\journal-1)" [_thread_blocked, id=11704, stack(0x000000b441000000,0x000000b441100000)]
  0x0000026bb58d5a40 JavaThread "File lock request listener" [_thread_in_native, id=12716, stack(0x000000b441100000,0x000000b441200000)]
  0x0000026bb58d54f0 JavaThread "Cache worker for file hash cache (C:\Users\hieuh\.gradle\caches\8.2\fileHashes)" [_thread_blocked, id=11196, stack(0x000000b441200000,0x000000b441300000)]
  0x0000026bb58d6a30 JavaThread "File watcher server" daemon [_thread_in_native, id=8376, stack(0x000000b441300000,0x000000b441400000)]
  0x0000026bb772e660 JavaThread "File watcher consumer" daemon [_thread_blocked, id=5228, stack(0x000000b441400000,0x000000b441500000)]
  0x0000026bb772ebb0 JavaThread "Cache worker for file content cache (C:\Users\hieuh\.gradle\caches\8.2\fileContent)" [_thread_blocked, id=7500, stack(0x000000b441700000,0x000000b441800000)]
  0x0000026bb772d120 JavaThread "Cache worker for execution history cache (C:\Users\hieuh\.gradle\caches\8.2\executionHistory)" [_thread_blocked, id=7472, stack(0x000000b441a00000,0x000000b441b00000)]
  0x0000026bb772f100 JavaThread "jar transforms" [_thread_blocked, id=2032, stack(0x000000b441b00000,0x000000b441c00000)]
  0x0000026bb772c680 JavaThread "jar transforms Thread 2" [_thread_blocked, id=14716, stack(0x000000b441c00000,0x000000b441d00000)]
  0x0000026bb772d670 JavaThread "jar transforms Thread 3" [_thread_blocked, id=12832, stack(0x000000b441d00000,0x000000b441e00000)]
  0x0000026bb772f650 JavaThread "jar transforms Thread 4" [_thread_blocked, id=12628, stack(0x000000b441e00000,0x000000b441f00000)]
  0x0000026bb7729160 JavaThread "Memory manager" [_thread_blocked, id=8600, stack(0x000000b442100000,0x000000b442200000)]
  0x0000026bb58297e0 JavaThread "Cache worker for Java compile cache (C:\Users\hieuh\.gradle\caches\8.2\javaCompile)" [_thread_blocked, id=10740, stack(0x000000b442a00000,0x000000b442b00000)]
  0x0000026bb772fba0 JavaThread "Daemon Thread 6" [_thread_blocked, id=14672, stack(0x000000b43ee00000,0x000000b43ef00000)]
  0x0000026bb77296b0 JavaThread "Daemon worker Thread 4" [_thread_blocked, id=6308, stack(0x000000b440900000,0x000000b440a00000)]
  0x0000026bb582d7a0 JavaThread "Handler for socket connection from /127.0.0.1:61156 to /127.0.0.1:61901" [_thread_in_native, id=14072, stack(0x000000b43ef00000,0x000000b43f000000)]
  0x0000026bb58282a0 JavaThread "Cancel handler" [_thread_blocked, id=3324, stack(0x000000b43f000000,0x000000b43f100000)]
  0x0000026bb5829d30 JavaThread "Asynchronous log dispatcher for DefaultDaemonConnection: socket connection from /127.0.0.1:61156 to /127.0.0.1:61901" [_thread_blocked, id=3420, stack(0x000000b440a00000,0x000000b440b00000)]
  0x0000026bb582a280 JavaThread "Stdin handler" [_thread_blocked, id=1944, stack(0x000000b440b00000,0x000000b440c00000)]
  0x0000026bb5828d40 JavaThread "Daemon client event forwarder" [_thread_blocked, id=12120, stack(0x000000b440c00000,0x000000b440d00000)]
  0x0000026bb582e240 JavaThread "Cache worker for checksums cache (C:\Users\hieuh\IdeaProjects\spring-greeting\.gradle\8.2\checksums)" [_thread_blocked, id=2028, stack(0x000000b440d00000,0x000000b440e00000)]
  0x0000026bb58272b0 JavaThread "Cache worker for cache directory md-rule (C:\Users\hieuh\.gradle\caches\8.2\md-rule)" [_thread_blocked, id=8064, stack(0x000000b440e00000,0x000000b440f00000)]
  0x0000026bb58287f0 JavaThread "Cache worker for file hash cache (C:\Users\hieuh\IdeaProjects\spring-greeting\.gradle\8.2\fileHashes)" [_thread_blocked, id=16168, stack(0x000000b440f00000,0x000000b441000000)]
  0x0000026bb582b7c0 JavaThread "Cache worker for cache directory md-supplier (C:\Users\hieuh\.gradle\caches\8.2\md-supplier)" [_thread_blocked, id=16264, stack(0x000000b441500000,0x000000b441600000)]
  0x0000026bb582a7d0 JavaThread "Cache worker for dependencies-accessors (C:\Users\hieuh\IdeaProjects\spring-greeting\.gradle\8.2\dependencies-accessors)" [_thread_blocked, id=10800, stack(0x000000b441600000,0x000000b441700000)]
  0x0000026bb5829290 JavaThread "Cache worker for Build Output Cleanup Cache (C:\Users\hieuh\IdeaProjects\spring-greeting\.gradle\buildOutputCleanup)" [_thread_blocked, id=12184, stack(0x000000b441800000,0x000000b441900000)]
  0x0000026bb5827d50 JavaThread "included builds" [_thread_blocked, id=6524, stack(0x000000b441900000,0x000000b441a00000)]
  0x0000026bb582ad20 JavaThread "Execution worker" [_thread_in_vm, id=8272, stack(0x000000b441f00000,0x000000b442000000)]
  0x0000026bb582ece0 JavaThread "Execution worker Thread 2" [_thread_blocked, id=15060, stack(0x000000b442000000,0x000000b442100000)]
  0x0000026bb5827800 JavaThread "Execution worker Thread 3" [_thread_blocked, id=14876, stack(0x000000b442200000,0x000000b442300000)]
  0x0000026bb582c260 JavaThread "Cache worker for execution history cache (C:\Users\hieuh\IdeaProjects\spring-greeting\.gradle\8.2\executionHistory)" [_thread_blocked, id=15072, stack(0x000000b442300000,0x000000b442400000)]

Other Threads:
  0x0000026b9cfa4640 VMThread "VM Thread" [stack: 0x000000b43f700000,0x000000b43f800000] [id=2004]
  0x0000026b82edac70 WatcherThread "VM Periodic Task Thread" [stack: 0x000000b440200000,0x000000b440300000] [id=11964]
  0x0000026b82f0ad00 WorkerThread "GC Thread#0" [stack: 0x000000b43f200000,0x000000b43f300000] [id=2340]
  0x0000026bb5961600 WorkerThread "GC Thread#1" [stack: 0x000000b440300000,0x000000b440400000] [id=9612]
  0x0000026bb591c0c0 WorkerThread "GC Thread#2" [stack: 0x000000b440400000,0x000000b440500000] [id=5080]
  0x0000026bb591c390 WorkerThread "GC Thread#3" [stack: 0x000000b440500000,0x000000b440600000] [id=8556]
  0x0000026b82f0fc10 ConcurrentGCThread "G1 Main Marker" [stack: 0x000000b43f300000,0x000000b43f400000] [id=13328]
=>0x0000026b82f11650 WorkerThread "G1 Conc#0" [stack: 0x000000b43f400000,0x000000b43f500000] [id=12796]
  0x0000026b9ce5e120 ConcurrentGCThread "G1 Refine#0" [stack: 0x000000b43f500000,0x000000b43f600000] [id=4660]
  0x0000026b9ce5ed60 ConcurrentGCThread "G1 Service" [stack: 0x000000b43f600000,0x000000b43f700000] [id=11644]

Threads with active compile tasks:

VM state: not at safepoint (normal execution)

VM Mutex/Monitor currently owned by a thread: None

Heap address: 0x00000000e0000000, size: 512 MB, Compressed Oops mode: 32-bit

CDS archive(s) mapped at: [0x0000026b9d000000-0x0000026b9dc60000-0x0000026b9dc60000), size 12976128, SharedBaseAddress: 0x0000026b9d000000, ArchiveRelocationMode: 1.
Compressed class space mapped at: 0x0000026b9e000000-0x0000026bb1400000, reserved size: 322961408
Narrow klass base: 0x0000026b9d000000, Narrow klass shift: 0, Narrow klass range: 0x100000000

GC Precious Log:
 CardTable entry size: 512
 Card Set container configuration: InlinePtr #cards 5 size 8 Array Of Cards #cards 12 size 40 Howl #buckets 4 coarsen threshold 1843 Howl Bitmap #cards 512 size 80 coarsen threshold 460 Card regions per heap region 1 cards per card region 2048
 CPUs: 4 total, 4 available
 Memory: 4001M
 Large Page Support: Disabled
 NUMA Support: Disabled
 Compressed Oops: Enabled (32-bit)
 Heap Region Size: 1M
 Heap Min Capacity: 256M
 Heap Initial Capacity: 256M
 Heap Max Capacity: 512M
 Pre-touch: Disabled
 Parallel Workers: 4
 Concurrent Workers: 1
 Concurrent Refinement Workers: 4
 Periodic GC: Disabled

Heap:
 garbage-first heap   total 262144K, used 56236K [0x00000000e0000000, 0x0000000100000000)
  region size 1024K, 5 young (5120K), 3 survivors (3072K)
 Metaspace       used 65167K, committed 67136K, reserved 380928K
  class space    used 9080K, committed 10048K, reserved 315392K

Heap Regions: E=young(eden), S=young(survivor), O=old, HS=humongous(starts), HC=humongous(continues), CS=collection set, F=free, OA=open archive, CA=closed archive, TAMS=top-at-mark-start, PB=parsable bottom
|   0|0x00000000e0000000, 0x00000000e0100000, 0x00000000e0100000|100%| O|  |TAMS 0x00000000e0100000| PB 0x00000000e0000000| Untracked 
|   1|0x00000000e0100000, 0x00000000e0200000, 0x00000000e0200000|100%| O|  |TAMS 0x00000000e0200000| PB 0x00000000e0100000| Untracked 
|   2|0x00000000e0200000, 0x00000000e0300000, 0x00000000e0300000|100%|HS|  |TAMS 0x00000000e0300000| PB 0x00000000e0200000| Complete 
|   3|0x00000000e0300000, 0x00000000e0400000, 0x00000000e0400000|100%|HC|  |TAMS 0x00000000e0400000| PB 0x00000000e0300000| Complete 
|   4|0x00000000e0400000, 0x00000000e0500000, 0x00000000e0500000|100%|HC|  |TAMS 0x00000000e0500000| PB 0x00000000e0400000| Complete 
|   5|0x00000000e0500000, 0x00000000e0600000, 0x00000000e0600000|100%|HC|  |TAMS 0x00000000e0600000| PB 0x00000000e0500000| Complete 
|   6|0x00000000e0600000, 0x00000000e0700000, 0x00000000e0700000|100%| O|  |TAMS 0x00000000e0700000| PB 0x00000000e0600000| Untracked 
|   7|0x00000000e0700000, 0x00000000e0800000, 0x00000000e0800000|100%| O|  |TAMS 0x00000000e0800000| PB 0x00000000e0700000| Untracked 
|   8|0x00000000e0800000, 0x00000000e0900000, 0x00000000e0900000|100%| O|  |TAMS 0x00000000e0900000| PB 0x00000000e0800000| Untracked 
|   9|0x00000000e0900000, 0x00000000e0a00000, 0x00000000e0a00000|100%| O|  |TAMS 0x00000000e0a00000| PB 0x00000000e0900000| Untracked 
|  10|0x00000000e0a00000, 0x00000000e0b00000, 0x00000000e0b00000|100%| O|  |TAMS 0x00000000e0b00000| PB 0x00000000e0a00000| Untracked 
|  11|0x00000000e0b00000, 0x00000000e0c00000, 0x00000000e0c00000|100%| O|  |TAMS 0x00000000e0c00000| PB 0x00000000e0b00000| Untracked 
|  12|0x00000000e0c00000, 0x00000000e0d00000, 0x00000000e0d00000|100%| O|  |TAMS 0x00000000e0d00000| PB 0x00000000e0c00000| Untracked 
|  13|0x00000000e0d00000, 0x00000000e0e00000, 0x00000000e0e00000|100%| O|  |TAMS 0x00000000e0e00000| PB 0x00000000e0d00000| Untracked 
|  14|0x00000000e0e00000, 0x00000000e0f00000, 0x00000000e0f00000|100%| O|  |TAMS 0x00000000e0f00000| PB 0x00000000e0e00000| Untracked 
|  15|0x00000000e0f00000, 0x00000000e1000000, 0x00000000e1000000|100%| O|  |TAMS 0x00000000e1000000| PB 0x00000000e0f00000| Untracked 
|  16|0x00000000e1000000, 0x00000000e1100000, 0x00000000e1100000|100%| O|  |TAMS 0x00000000e1100000| PB 0x00000000e1000000| Untracked 
|  17|0x00000000e1100000, 0x00000000e1200000, 0x00000000e1200000|100%| O|  |TAMS 0x00000000e1200000| PB 0x00000000e1100000| Untracked 
|  18|0x00000000e1200000, 0x00000000e1300000, 0x00000000e1300000|100%| O|  |TAMS 0x00000000e1300000| PB 0x00000000e1200000| Untracked 
|  19|0x00000000e1300000, 0x00000000e1400000, 0x00000000e1400000|100%| O|  |TAMS 0x00000000e1400000| PB 0x00000000e1300000| Untracked 
|  20|0x00000000e1400000, 0x00000000e1500000, 0x00000000e1500000|100%| O|  |TAMS 0x00000000e1500000| PB 0x00000000e1400000| Untracked 
|  21|0x00000000e1500000, 0x00000000e1600000, 0x00000000e1600000|100%| O|  |TAMS 0x00000000e1600000| PB 0x00000000e1500000| Untracked 
|  22|0x00000000e1600000, 0x00000000e1700000, 0x00000000e1700000|100%| O|  |TAMS 0x00000000e1700000| PB 0x00000000e1600000| Untracked 
|  23|0x00000000e1700000, 0x00000000e1800000, 0x00000000e1800000|100%| O|  |TAMS 0x00000000e1800000| PB 0x00000000e1700000| Untracked 
|  24|0x00000000e1800000, 0x00000000e1900000, 0x00000000e1900000|100%| O|  |TAMS 0x00000000e1900000| PB 0x00000000e1800000| Untracked 
|  25|0x00000000e1900000, 0x00000000e1a00000, 0x00000000e1a00000|100%| O|  |TAMS 0x00000000e1a00000| PB 0x00000000e1900000| Untracked 
|  26|0x00000000e1a00000, 0x00000000e1b00000, 0x00000000e1b00000|100%| O|  |TAMS 0x00000000e1b00000| PB 0x00000000e1a00000| Untracked 
|  27|0x00000000e1b00000, 0x00000000e1c00000, 0x00000000e1c00000|100%| O|  |TAMS 0x00000000e1be6400| PB 0x00000000e1b00000| Untracked 
|  28|0x00000000e1c00000, 0x00000000e1d00000, 0x00000000e1d00000|100%| O|  |TAMS 0x00000000e1d00000| PB 0x00000000e1c00000| Untracked 
|  29|0x00000000e1d00000, 0x00000000e1e00000, 0x00000000e1e00000|100%| O|  |TAMS 0x00000000e1e00000| PB 0x00000000e1d00000| Untracked 
|  30|0x00000000e1e00000, 0x00000000e1f00000, 0x00000000e1f00000|100%| O|  |TAMS 0x00000000e1f00000| PB 0x00000000e1e00000| Untracked 
|  31|0x00000000e1f00000, 0x00000000e2000000, 0x00000000e2000000|100%| O|  |TAMS 0x00000000e2000000| PB 0x00000000e1f00000| Untracked 
|  32|0x00000000e2000000, 0x00000000e2100000, 0x00000000e2100000|100%| O|  |TAMS 0x00000000e2100000| PB 0x00000000e2000000| Untracked 
|  33|0x00000000e2100000, 0x00000000e2200000, 0x00000000e2200000|100%| O|  |TAMS 0x00000000e2200000| PB 0x00000000e2100000| Untracked 
|  34|0x00000000e2200000, 0x00000000e2300000, 0x00000000e2300000|100%| O|  |TAMS 0x00000000e2300000| PB 0x00000000e2200000| Untracked 
|  35|0x00000000e2300000, 0x00000000e2400000, 0x00000000e2400000|100%| O|  |TAMS 0x00000000e2400000| PB 0x00000000e2300000| Untracked 
|  36|0x00000000e2400000, 0x00000000e2500000, 0x00000000e2500000|100%| O|  |TAMS 0x00000000e2500000| PB 0x00000000e2400000| Untracked 
|  37|0x00000000e2500000, 0x00000000e2600000, 0x00000000e2600000|100%| O|  |TAMS 0x00000000e2600000| PB 0x00000000e2500000| Untracked 
|  38|0x00000000e2600000, 0x00000000e2700000, 0x00000000e2700000|100%| O|  |TAMS 0x00000000e2700000| PB 0x00000000e2600000| Untracked 
|  39|0x00000000e2700000, 0x00000000e2800000, 0x00000000e2800000|100%| O|  |TAMS 0x00000000e2800000| PB 0x00000000e2700000| Untracked 
|  40|0x00000000e2800000, 0x00000000e2900000, 0x00000000e2900000|100%| O|  |TAMS 0x00000000e2900000| PB 0x00000000e2800000| Untracked 
|  41|0x00000000e2900000, 0x00000000e2a00000, 0x00000000e2a00000|100%| O|  |TAMS 0x00000000e2a00000| PB 0x00000000e2900000| Untracked 
|  42|0x00000000e2a00000, 0x00000000e2b00000, 0x00000000e2b00000|100%| O|  |TAMS 0x00000000e2b00000| PB 0x00000000e2a00000| Untracked 
|  43|0x00000000e2b00000, 0x00000000e2c00000, 0x00000000e2c00000|100%| O|  |TAMS 0x00000000e2c00000| PB 0x00000000e2b00000| Untracked 
|  44|0x00000000e2c00000, 0x00000000e2d00000, 0x00000000e2d00000|100%| O|  |TAMS 0x00000000e2d00000| PB 0x00000000e2c00000| Untracked 
|  45|0x00000000e2d00000, 0x00000000e2e00000, 0x00000000e2e00000|100%| O|  |TAMS 0x00000000e2e00000| PB 0x00000000e2d00000| Untracked 
|  46|0x00000000e2e00000, 0x00000000e2f00000, 0x00000000e2f00000|100%| O|  |TAMS 0x00000000e2f00000| PB 0x00000000e2e00000| Untracked 
|  47|0x00000000e2f00000, 0x00000000e3000000, 0x00000000e3000000|100%| O|  |TAMS 0x00000000e3000000| PB 0x00000000e2f00000| Untracked 
|  48|0x00000000e3000000, 0x00000000e3100000, 0x00000000e3100000|100%| O|  |TAMS 0x00000000e3100000| PB 0x00000000e3000000| Untracked 
|  49|0x00000000e3100000, 0x00000000e3200000, 0x00000000e3200000|100%| O|  |TAMS 0x00000000e3200000| PB 0x00000000e3100000| Untracked 
|  50|0x00000000e3200000, 0x00000000e3300000, 0x00000000e3300000|100%| O|  |TAMS 0x00000000e3300000| PB 0x00000000e3200000| Untracked 
|  51|0x00000000e3300000, 0x00000000e339c800, 0x00000000e3400000| 61%| O|  |TAMS 0x00000000e3300000| PB 0x00000000e3300000| Untracked 
|  52|0x00000000e3400000, 0x00000000e3400000, 0x00000000e3500000|  0%| F|  |TAMS 0x00000000e3400000| PB 0x00000000e3400000| Untracked 
|  53|0x00000000e3500000, 0x00000000e3500000, 0x00000000e3600000|  0%| F|  |TAMS 0x00000000e3500000| PB 0x00000000e3500000| Untracked 
|  54|0x00000000e3600000, 0x00000000e3600000, 0x00000000e3700000|  0%| F|  |TAMS 0x00000000e3600000| PB 0x00000000e3600000| Untracked 
|  55|0x00000000e3700000, 0x00000000e3700000, 0x00000000e3800000|  0%| F|  |TAMS 0x00000000e3700000| PB 0x00000000e3700000| Untracked 
|  56|0x00000000e3800000, 0x00000000e3800000, 0x00000000e3900000|  0%| F|  |TAMS 0x00000000e3800000| PB 0x00000000e3800000| Untracked 
|  57|0x00000000e3900000, 0x00000000e3900000, 0x00000000e3a00000|  0%| F|  |TAMS 0x00000000e3900000| PB 0x00000000e3900000| Untracked 
|  58|0x00000000e3a00000, 0x00000000e3a00000, 0x00000000e3b00000|  0%| F|  |TAMS 0x00000000e3a00000| PB 0x00000000e3a00000| Untracked 
|  59|0x00000000e3b00000, 0x00000000e3b00000, 0x00000000e3c00000|  0%| F|  |TAMS 0x00000000e3b00000| PB 0x00000000e3b00000| Untracked 
|  60|0x00000000e3c00000, 0x00000000e3c00000, 0x00000000e3d00000|  0%| F|  |TAMS 0x00000000e3c00000| PB 0x00000000e3c00000| Untracked 
|  61|0x00000000e3d00000, 0x00000000e3d00000, 0x00000000e3e00000|  0%| F|  |TAMS 0x00000000e3d00000| PB 0x00000000e3d00000| Untracked 
|  62|0x00000000e3e00000, 0x00000000e3e00000, 0x00000000e3f00000|  0%| F|  |TAMS 0x00000000e3e00000| PB 0x00000000e3e00000| Untracked 
|  63|0x00000000e3f00000, 0x00000000e3f00000, 0x00000000e4000000|  0%| F|  |TAMS 0x00000000e3f00000| PB 0x00000000e3f00000| Untracked 
|  64|0x00000000e4000000, 0x00000000e4000000, 0x00000000e4100000|  0%| F|  |TAMS 0x00000000e4000000| PB 0x00000000e4000000| Untracked 
|  65|0x00000000e4100000, 0x00000000e4100000, 0x00000000e4200000|  0%| F|  |TAMS 0x00000000e4100000| PB 0x00000000e4100000| Untracked 
|  66|0x00000000e4200000, 0x00000000e4200000, 0x00000000e4300000|  0%| F|  |TAMS 0x00000000e4200000| PB 0x00000000e4200000| Untracked 
|  67|0x00000000e4300000, 0x00000000e4300000, 0x00000000e4400000|  0%| F|  |TAMS 0x00000000e4300000| PB 0x00000000e4300000| Untracked 
|  68|0x00000000e4400000, 0x00000000e4400000, 0x00000000e4500000|  0%| F|  |TAMS 0x00000000e4400000| PB 0x00000000e4400000| Untracked 
|  69|0x00000000e4500000, 0x00000000e4500000, 0x00000000e4600000|  0%| F|  |TAMS 0x00000000e4500000| PB 0x00000000e4500000| Untracked 
|  70|0x00000000e4600000, 0x00000000e4600000, 0x00000000e4700000|  0%| F|  |TAMS 0x00000000e4600000| PB 0x00000000e4600000| Untracked 
|  71|0x00000000e4700000, 0x00000000e4700000, 0x00000000e4800000|  0%| F|  |TAMS 0x00000000e4700000| PB 0x00000000e4700000| Untracked 
|  72|0x00000000e4800000, 0x00000000e4800000, 0x00000000e4900000|  0%| F|  |TAMS 0x00000000e4800000| PB 0x00000000e4800000| Untracked 
|  73|0x00000000e4900000, 0x00000000e4900000, 0x00000000e4a00000|  0%| F|  |TAMS 0x00000000e4900000| PB 0x00000000e4900000| Untracked 
|  74|0x00000000e4a00000, 0x00000000e4a00000, 0x00000000e4b00000|  0%| F|  |TAMS 0x00000000e4a00000| PB 0x00000000e4a00000| Untracked 
|  75|0x00000000e4b00000, 0x00000000e4b00000, 0x00000000e4c00000|  0%| F|  |TAMS 0x00000000e4b00000| PB 0x00000000e4b00000| Untracked 
|  76|0x00000000e4c00000, 0x00000000e4c00000, 0x00000000e4d00000|  0%| F|  |TAMS 0x00000000e4c00000| PB 0x00000000e4c00000| Untracked 
|  77|0x00000000e4d00000, 0x00000000e4d00000, 0x00000000e4e00000|  0%| F|  |TAMS 0x00000000e4d00000| PB 0x00000000e4d00000| Untracked 
|  78|0x00000000e4e00000, 0x00000000e4e00000, 0x00000000e4f00000|  0%| F|  |TAMS 0x00000000e4e00000| PB 0x00000000e4e00000| Untracked 
|  79|0x00000000e4f00000, 0x00000000e4f00000, 0x00000000e5000000|  0%| F|  |TAMS 0x00000000e4f00000| PB 0x00000000e4f00000| Untracked 
|  80|0x00000000e5000000, 0x00000000e5000000, 0x00000000e5100000|  0%| F|  |TAMS 0x00000000e5000000| PB 0x00000000e5000000| Untracked 
|  81|0x00000000e5100000, 0x00000000e5100000, 0x00000000e5200000|  0%| F|  |TAMS 0x00000000e5100000| PB 0x00000000e5100000| Untracked 
|  82|0x00000000e5200000, 0x00000000e5200000, 0x00000000e5300000|  0%| F|  |TAMS 0x00000000e5200000| PB 0x00000000e5200000| Untracked 
|  83|0x00000000e5300000, 0x00000000e5300000, 0x00000000e5400000|  0%| F|  |TAMS 0x00000000e5300000| PB 0x00000000e5300000| Untracked 
|  84|0x00000000e5400000, 0x00000000e5400000, 0x00000000e5500000|  0%| F|  |TAMS 0x00000000e5400000| PB 0x00000000e5400000| Untracked 
|  85|0x00000000e5500000, 0x00000000e5500000, 0x00000000e5600000|  0%| F|  |TAMS 0x00000000e5500000| PB 0x00000000e5500000| Untracked 
|  86|0x00000000e5600000, 0x00000000e5600000, 0x00000000e5700000|  0%| F|  |TAMS 0x00000000e5600000| PB 0x00000000e5600000| Untracked 
|  87|0x00000000e5700000, 0x00000000e5700000, 0x00000000e5800000|  0%| F|  |TAMS 0x00000000e5700000| PB 0x00000000e5700000| Untracked 
|  88|0x00000000e5800000, 0x00000000e5800000, 0x00000000e5900000|  0%| F|  |TAMS 0x00000000e5800000| PB 0x00000000e5800000| Untracked 
|  89|0x00000000e5900000, 0x00000000e5900000, 0x00000000e5a00000|  0%| F|  |TAMS 0x00000000e5900000| PB 0x00000000e5900000| Untracked 
|  90|0x00000000e5a00000, 0x00000000e5a00000, 0x00000000e5b00000|  0%| F|  |TAMS 0x00000000e5a00000| PB 0x00000000e5a00000| Untracked 
|  91|0x00000000e5b00000, 0x00000000e5b00000, 0x00000000e5c00000|  0%| F|  |TAMS 0x00000000e5b00000| PB 0x00000000e5b00000| Untracked 
|  92|0x00000000e5c00000, 0x00000000e5c00000, 0x00000000e5d00000|  0%| F|  |TAMS 0x00000000e5c00000| PB 0x00000000e5c00000| Untracked 
|  93|0x00000000e5d00000, 0x00000000e5d00000, 0x00000000e5e00000|  0%| F|  |TAMS 0x00000000e5d00000| PB 0x00000000e5d00000| Untracked 
|  94|0x00000000e5e00000, 0x00000000e5e00000, 0x00000000e5f00000|  0%| F|  |TAMS 0x00000000e5e00000| PB 0x00000000e5e00000| Untracked 
|  95|0x00000000e5f00000, 0x00000000e5f00000, 0x00000000e6000000|  0%| F|  |TAMS 0x00000000e5f00000| PB 0x00000000e5f00000| Untracked 
|  96|0x00000000e6000000, 0x00000000e6000000, 0x00000000e6100000|  0%| F|  |TAMS 0x00000000e6000000| PB 0x00000000e6000000| Untracked 
|  97|0x00000000e6100000, 0x00000000e6100000, 0x00000000e6200000|  0%| F|  |TAMS 0x00000000e6100000| PB 0x00000000e6100000| Untracked 
|  98|0x00000000e6200000, 0x00000000e6200000, 0x00000000e6300000|  0%| F|  |TAMS 0x00000000e6200000| PB 0x00000000e6200000| Untracked 
|  99|0x00000000e6300000, 0x00000000e6300000, 0x00000000e6400000|  0%| F|  |TAMS 0x00000000e6300000| PB 0x00000000e6300000| Untracked 
| 100|0x00000000e6400000, 0x00000000e6400000, 0x00000000e6500000|  0%| F|  |TAMS 0x00000000e6400000| PB 0x00000000e6400000| Untracked 
| 101|0x00000000e6500000, 0x00000000e6500000, 0x00000000e6600000|  0%| F|  |TAMS 0x00000000e6500000| PB 0x00000000e6500000| Untracked 
| 102|0x00000000e6600000, 0x00000000e6600000, 0x00000000e6700000|  0%| F|  |TAMS 0x00000000e6600000| PB 0x00000000e6600000| Untracked 
| 103|0x00000000e6700000, 0x00000000e6700000, 0x00000000e6800000|  0%| F|  |TAMS 0x00000000e6700000| PB 0x00000000e6700000| Untracked 
| 104|0x00000000e6800000, 0x00000000e6800000, 0x00000000e6900000|  0%| F|  |TAMS 0x00000000e6800000| PB 0x00000000e6800000| Untracked 
| 105|0x00000000e6900000, 0x00000000e6900000, 0x00000000e6a00000|  0%| F|  |TAMS 0x00000000e6900000| PB 0x00000000e6900000| Untracked 
| 106|0x00000000e6a00000, 0x00000000e6a00000, 0x00000000e6b00000|  0%| F|  |TAMS 0x00000000e6a00000| PB 0x00000000e6a00000| Untracked 
| 107|0x00000000e6b00000, 0x00000000e6b00000, 0x00000000e6c00000|  0%| F|  |TAMS 0x00000000e6b00000| PB 0x00000000e6b00000| Untracked 
| 108|0x00000000e6c00000, 0x00000000e6c00000, 0x00000000e6d00000|  0%| F|  |TAMS 0x00000000e6c00000| PB 0x00000000e6c00000| Untracked 
| 109|0x00000000e6d00000, 0x00000000e6d00000, 0x00000000e6e00000|  0%| F|  |TAMS 0x00000000e6d00000| PB 0x00000000e6d00000| Untracked 
| 110|0x00000000e6e00000, 0x00000000e6e00000, 0x00000000e6f00000|  0%| F|  |TAMS 0x00000000e6e00000| PB 0x00000000e6e00000| Untracked 
| 111|0x00000000e6f00000, 0x00000000e6f00000, 0x00000000e7000000|  0%| F|  |TAMS 0x00000000e6f00000| PB 0x00000000e6f00000| Untracked 
| 112|0x00000000e7000000, 0x00000000e7000000, 0x00000000e7100000|  0%| F|  |TAMS 0x00000000e7000000| PB 0x00000000e7000000| Untracked 
| 113|0x00000000e7100000, 0x00000000e7100000, 0x00000000e7200000|  0%| F|  |TAMS 0x00000000e7100000| PB 0x00000000e7100000| Untracked 
| 114|0x00000000e7200000, 0x00000000e7200000, 0x00000000e7300000|  0%| F|  |TAMS 0x00000000e7200000| PB 0x00000000e7200000| Untracked 
| 115|0x00000000e7300000, 0x00000000e7300000, 0x00000000e7400000|  0%| F|  |TAMS 0x00000000e7300000| PB 0x00000000e7300000| Untracked 
| 116|0x00000000e7400000, 0x00000000e7400000, 0x00000000e7500000|  0%| F|  |TAMS 0x00000000e7400000| PB 0x00000000e7400000| Untracked 
| 117|0x00000000e7500000, 0x00000000e7500000, 0x00000000e7600000|  0%| F|  |TAMS 0x00000000e7500000| PB 0x00000000e7500000| Untracked 
| 118|0x00000000e7600000, 0x00000000e7600000, 0x00000000e7700000|  0%| F|  |TAMS 0x00000000e7600000| PB 0x00000000e7600000| Untracked 
| 119|0x00000000e7700000, 0x00000000e7700000, 0x00000000e7800000|  0%| F|  |TAMS 0x00000000e7700000| PB 0x00000000e7700000| Untracked 
| 120|0x00000000e7800000, 0x00000000e7800000, 0x00000000e7900000|  0%| F|  |TAMS 0x00000000e7800000| PB 0x00000000e7800000| Untracked 
| 121|0x00000000e7900000, 0x00000000e7900000, 0x00000000e7a00000|  0%| F|  |TAMS 0x00000000e7900000| PB 0x00000000e7900000| Untracked 
| 122|0x00000000e7a00000, 0x00000000e7a00000, 0x00000000e7b00000|  0%| F|  |TAMS 0x00000000e7a00000| PB 0x00000000e7a00000| Untracked 
| 123|0x00000000e7b00000, 0x00000000e7b00000, 0x00000000e7c00000|  0%| F|  |TAMS 0x00000000e7b00000| PB 0x00000000e7b00000| Untracked 
| 124|0x00000000e7c00000, 0x00000000e7c00000, 0x00000000e7d00000|  0%| F|  |TAMS 0x00000000e7c00000| PB 0x00000000e7c00000| Untracked 
| 125|0x00000000e7d00000, 0x00000000e7d00000, 0x00000000e7e00000|  0%| F|  |TAMS 0x00000000e7d00000| PB 0x00000000e7d00000| Untracked 
| 126|0x00000000e7e00000, 0x00000000e7e00000, 0x00000000e7f00000|  0%| F|  |TAMS 0x00000000e7e00000| PB 0x00000000e7e00000| Untracked 
| 127|0x00000000e7f00000, 0x00000000e7f00000, 0x00000000e8000000|  0%| F|  |TAMS 0x00000000e7f00000| PB 0x00000000e7f00000| Untracked 
| 128|0x00000000e8000000, 0x00000000e8000000, 0x00000000e8100000|  0%| F|  |TAMS 0x00000000e8000000| PB 0x00000000e8000000| Untracked 
| 129|0x00000000e8100000, 0x00000000e8100000, 0x00000000e8200000|  0%| F|  |TAMS 0x00000000e8100000| PB 0x00000000e8100000| Untracked 
| 130|0x00000000e8200000, 0x00000000e8200000, 0x00000000e8300000|  0%| F|  |TAMS 0x00000000e8200000| PB 0x00000000e8200000| Untracked 
| 131|0x00000000e8300000, 0x00000000e8300000, 0x00000000e8400000|  0%| F|  |TAMS 0x00000000e8300000| PB 0x00000000e8300000| Untracked 
| 132|0x00000000e8400000, 0x00000000e8400000, 0x00000000e8500000|  0%| F|  |TAMS 0x00000000e8400000| PB 0x00000000e8400000| Untracked 
| 133|0x00000000e8500000, 0x00000000e8500000, 0x00000000e8600000|  0%| F|  |TAMS 0x00000000e8500000| PB 0x00000000e8500000| Untracked 
| 134|0x00000000e8600000, 0x00000000e8600000, 0x00000000e8700000|  0%| F|  |TAMS 0x00000000e8600000| PB 0x00000000e8600000| Untracked 
| 135|0x00000000e8700000, 0x00000000e8700000, 0x00000000e8800000|  0%| F|  |TAMS 0x00000000e8700000| PB 0x00000000e8700000| Untracked 
| 136|0x00000000e8800000, 0x00000000e8800000, 0x00000000e8900000|  0%| F|  |TAMS 0x00000000e8800000| PB 0x00000000e8800000| Untracked 
| 137|0x00000000e8900000, 0x00000000e8900000, 0x00000000e8a00000|  0%| F|  |TAMS 0x00000000e8900000| PB 0x00000000e8900000| Untracked 
| 138|0x00000000e8a00000, 0x00000000e8a00000, 0x00000000e8b00000|  0%| F|  |TAMS 0x00000000e8a00000| PB 0x00000000e8a00000| Untracked 
| 139|0x00000000e8b00000, 0x00000000e8b00000, 0x00000000e8c00000|  0%| F|  |TAMS 0x00000000e8b00000| PB 0x00000000e8b00000| Untracked 
| 140|0x00000000e8c00000, 0x00000000e8c00000, 0x00000000e8d00000|  0%| F|  |TAMS 0x00000000e8c00000| PB 0x00000000e8c00000| Untracked 
| 141|0x00000000e8d00000, 0x00000000e8d00000, 0x00000000e8e00000|  0%| F|  |TAMS 0x00000000e8d00000| PB 0x00000000e8d00000| Untracked 
| 142|0x00000000e8e00000, 0x00000000e8e00000, 0x00000000e8f00000|  0%| F|  |TAMS 0x00000000e8e00000| PB 0x00000000e8e00000| Untracked 
| 143|0x00000000e8f00000, 0x00000000e8f00000, 0x00000000e9000000|  0%| F|  |TAMS 0x00000000e8f00000| PB 0x00000000e8f00000| Untracked 
| 144|0x00000000e9000000, 0x00000000e9000000, 0x00000000e9100000|  0%| F|  |TAMS 0x00000000e9000000| PB 0x00000000e9000000| Untracked 
| 145|0x00000000e9100000, 0x00000000e9100000, 0x00000000e9200000|  0%| F|  |TAMS 0x00000000e9100000| PB 0x00000000e9100000| Untracked 
| 146|0x00000000e9200000, 0x00000000e9200000, 0x00000000e9300000|  0%| F|  |TAMS 0x00000000e9200000| PB 0x00000000e9200000| Untracked 
| 147|0x00000000e9300000, 0x00000000e9300000, 0x00000000e9400000|  0%| F|  |TAMS 0x00000000e9300000| PB 0x00000000e9300000| Untracked 
| 148|0x00000000e9400000, 0x00000000e9400000, 0x00000000e9500000|  0%| F|  |TAMS 0x00000000e9400000| PB 0x00000000e9400000| Untracked 
| 149|0x00000000e9500000, 0x00000000e9500000, 0x00000000e9600000|  0%| F|  |TAMS 0x00000000e9500000| PB 0x00000000e9500000| Untracked 
| 150|0x00000000e9600000, 0x00000000e9600000, 0x00000000e9700000|  0%| F|  |TAMS 0x00000000e9600000| PB 0x00000000e9600000| Untracked 
| 151|0x00000000e9700000, 0x00000000e9700000, 0x00000000e9800000|  0%| F|  |TAMS 0x00000000e9700000| PB 0x00000000e9700000| Untracked 
| 152|0x00000000e9800000, 0x00000000e9800000, 0x00000000e9900000|  0%| F|  |TAMS 0x00000000e9800000| PB 0x00000000e9800000| Untracked 
| 153|0x00000000e9900000, 0x00000000e9900000, 0x00000000e9a00000|  0%| F|  |TAMS 0x00000000e9900000| PB 0x00000000e9900000| Untracked 
| 154|0x00000000e9a00000, 0x00000000e9a00000, 0x00000000e9b00000|  0%| F|  |TAMS 0x00000000e9a00000| PB 0x00000000e9a00000| Untracked 
| 155|0x00000000e9b00000, 0x00000000e9b00000, 0x00000000e9c00000|  0%| F|  |TAMS 0x00000000e9b00000| PB 0x00000000e9b00000| Untracked 
| 156|0x00000000e9c00000, 0x00000000e9c00000, 0x00000000e9d00000|  0%| F|  |TAMS 0x00000000e9c00000| PB 0x00000000e9c00000| Untracked 
| 157|0x00000000e9d00000, 0x00000000e9d00000, 0x00000000e9e00000|  0%| F|  |TAMS 0x00000000e9d00000| PB 0x00000000e9d00000| Untracked 
| 158|0x00000000e9e00000, 0x00000000e9e00000, 0x00000000e9f00000|  0%| F|  |TAMS 0x00000000e9e00000| PB 0x00000000e9e00000| Untracked 
| 159|0x00000000e9f00000, 0x00000000e9f00000, 0x00000000ea000000|  0%| F|  |TAMS 0x00000000e9f00000| PB 0x00000000e9f00000| Untracked 
| 160|0x00000000ea000000, 0x00000000ea000000, 0x00000000ea100000|  0%| F|  |TAMS 0x00000000ea000000| PB 0x00000000ea000000| Untracked 
| 161|0x00000000ea100000, 0x00000000ea100000, 0x00000000ea200000|  0%| F|  |TAMS 0x00000000ea100000| PB 0x00000000ea100000| Untracked 
| 162|0x00000000ea200000, 0x00000000ea200000, 0x00000000ea300000|  0%| F|  |TAMS 0x00000000ea200000| PB 0x00000000ea200000| Untracked 
| 163|0x00000000ea300000, 0x00000000ea300000, 0x00000000ea400000|  0%| F|  |TAMS 0x00000000ea300000| PB 0x00000000ea300000| Untracked 
| 164|0x00000000ea400000, 0x00000000ea400000, 0x00000000ea500000|  0%| F|  |TAMS 0x00000000ea400000| PB 0x00000000ea400000| Untracked 
| 165|0x00000000ea500000, 0x00000000ea500000, 0x00000000ea600000|  0%| F|  |TAMS 0x00000000ea500000| PB 0x00000000ea500000| Untracked 
| 166|0x00000000ea600000, 0x00000000ea600000, 0x00000000ea700000|  0%| F|  |TAMS 0x00000000ea600000| PB 0x00000000ea600000| Untracked 
| 167|0x00000000ea700000, 0x00000000ea700000, 0x00000000ea800000|  0%| F|  |TAMS 0x00000000ea700000| PB 0x00000000ea700000| Untracked 
| 168|0x00000000ea800000, 0x00000000ea800000, 0x00000000ea900000|  0%| F|  |TAMS 0x00000000ea800000| PB 0x00000000ea800000| Untracked 
| 169|0x00000000ea900000, 0x00000000ea900000, 0x00000000eaa00000|  0%| F|  |TAMS 0x00000000ea900000| PB 0x00000000ea900000| Untracked 
| 170|0x00000000eaa00000, 0x00000000eaa00000, 0x00000000eab00000|  0%| F|  |TAMS 0x00000000eaa00000| PB 0x00000000eaa00000| Untracked 
| 171|0x00000000eab00000, 0x00000000eab00000, 0x00000000eac00000|  0%| F|  |TAMS 0x00000000eab00000| PB 0x00000000eab00000| Untracked 
| 172|0x00000000eac00000, 0x00000000eac00000, 0x00000000ead00000|  0%| F|  |TAMS 0x00000000eac00000| PB 0x00000000eac00000| Untracked 
| 173|0x00000000ead00000, 0x00000000ead00000, 0x00000000eae00000|  0%| F|  |TAMS 0x00000000ead00000| PB 0x00000000ead00000| Untracked 
| 174|0x00000000eae00000, 0x00000000eae00000, 0x00000000eaf00000|  0%| F|  |TAMS 0x00000000eae00000| PB 0x00000000eae00000| Untracked 
| 175|0x00000000eaf00000, 0x00000000eaf00000, 0x00000000eb000000|  0%| F|  |TAMS 0x00000000eaf00000| PB 0x00000000eaf00000| Untracked 
| 176|0x00000000eb000000, 0x00000000eb000000, 0x00000000eb100000|  0%| F|  |TAMS 0x00000000eb000000| PB 0x00000000eb000000| Untracked 
| 177|0x00000000eb100000, 0x00000000eb100000, 0x00000000eb200000|  0%| F|  |TAMS 0x00000000eb100000| PB 0x00000000eb100000| Untracked 
| 178|0x00000000eb200000, 0x00000000eb200000, 0x00000000eb300000|  0%| F|  |TAMS 0x00000000eb200000| PB 0x00000000eb200000| Untracked 
| 179|0x00000000eb300000, 0x00000000eb300000, 0x00000000eb400000|  0%| F|  |TAMS 0x00000000eb300000| PB 0x00000000eb300000| Untracked 
| 180|0x00000000eb400000, 0x00000000eb400000, 0x00000000eb500000|  0%| F|  |TAMS 0x00000000eb400000| PB 0x00000000eb400000| Untracked 
| 181|0x00000000eb500000, 0x00000000eb500000, 0x00000000eb600000|  0%| F|  |TAMS 0x00000000eb500000| PB 0x00000000eb500000| Untracked 
| 182|0x00000000eb600000, 0x00000000eb600000, 0x00000000eb700000|  0%| F|  |TAMS 0x00000000eb600000| PB 0x00000000eb600000| Untracked 
| 183|0x00000000eb700000, 0x00000000eb700000, 0x00000000eb800000|  0%| F|  |TAMS 0x00000000eb700000| PB 0x00000000eb700000| Untracked 
| 184|0x00000000eb800000, 0x00000000eb800000, 0x00000000eb900000|  0%| F|  |TAMS 0x00000000eb800000| PB 0x00000000eb800000| Untracked 
| 185|0x00000000eb900000, 0x00000000eb900000, 0x00000000eba00000|  0%| F|  |TAMS 0x00000000eb900000| PB 0x00000000eb900000| Untracked 
| 186|0x00000000eba00000, 0x00000000eba00000, 0x00000000ebb00000|  0%| F|  |TAMS 0x00000000eba00000| PB 0x00000000eba00000| Untracked 
| 187|0x00000000ebb00000, 0x00000000ebb00000, 0x00000000ebc00000|  0%| F|  |TAMS 0x00000000ebb00000| PB 0x00000000ebb00000| Untracked 
| 188|0x00000000ebc00000, 0x00000000ebc00000, 0x00000000ebd00000|  0%| F|  |TAMS 0x00000000ebc00000| PB 0x00000000ebc00000| Untracked 
| 189|0x00000000ebd00000, 0x00000000ebd00000, 0x00000000ebe00000|  0%| F|  |TAMS 0x00000000ebd00000| PB 0x00000000ebd00000| Untracked 
| 190|0x00000000ebe00000, 0x00000000ebe00000, 0x00000000ebf00000|  0%| F|  |TAMS 0x00000000ebe00000| PB 0x00000000ebe00000| Untracked 
| 191|0x00000000ebf00000, 0x00000000ebf00000, 0x00000000ec000000|  0%| F|  |TAMS 0x00000000ebf00000| PB 0x00000000ebf00000| Untracked 
| 192|0x00000000ec000000, 0x00000000ec000000, 0x00000000ec100000|  0%| F|  |TAMS 0x00000000ec000000| PB 0x00000000ec000000| Untracked 
| 193|0x00000000ec100000, 0x00000000ec100000, 0x00000000ec200000|  0%| F|  |TAMS 0x00000000ec100000| PB 0x00000000ec100000| Untracked 
| 194|0x00000000ec200000, 0x00000000ec200000, 0x00000000ec300000|  0%| F|  |TAMS 0x00000000ec200000| PB 0x00000000ec200000| Untracked 
| 195|0x00000000ec300000, 0x00000000ec300000, 0x00000000ec400000|  0%| F|  |TAMS 0x00000000ec300000| PB 0x00000000ec300000| Untracked 
| 196|0x00000000ec400000, 0x00000000ec400000, 0x00000000ec500000|  0%| F|  |TAMS 0x00000000ec400000| PB 0x00000000ec400000| Untracked 
| 197|0x00000000ec500000, 0x00000000ec500000, 0x00000000ec600000|  0%| F|  |TAMS 0x00000000ec500000| PB 0x00000000ec500000| Untracked 
| 198|0x00000000ec600000, 0x00000000ec600000, 0x00000000ec700000|  0%| F|  |TAMS 0x00000000ec600000| PB 0x00000000ec600000| Untracked 
| 199|0x00000000ec700000, 0x00000000ec700000, 0x00000000ec800000|  0%| F|  |TAMS 0x00000000ec700000| PB 0x00000000ec700000| Untracked 
| 200|0x00000000ec800000, 0x00000000ec800000, 0x00000000ec900000|  0%| F|  |TAMS 0x00000000ec800000| PB 0x00000000ec800000| Untracked 
| 201|0x00000000ec900000, 0x00000000ec900000, 0x00000000eca00000|  0%| F|  |TAMS 0x00000000ec900000| PB 0x00000000ec900000| Untracked 
| 202|0x00000000eca00000, 0x00000000eca00000, 0x00000000ecb00000|  0%| F|  |TAMS 0x00000000eca00000| PB 0x00000000eca00000| Untracked 
| 203|0x00000000ecb00000, 0x00000000ecb00000, 0x00000000ecc00000|  0%| F|  |TAMS 0x00000000ecb00000| PB 0x00000000ecb00000| Untracked 
| 204|0x00000000ecc00000, 0x00000000ecc00000, 0x00000000ecd00000|  0%| F|  |TAMS 0x00000000ecc00000| PB 0x00000000ecc00000| Untracked 
| 205|0x00000000ecd00000, 0x00000000ecd00000, 0x00000000ece00000|  0%| F|  |TAMS 0x00000000ecd00000| PB 0x00000000ecd00000| Untracked 
| 206|0x00000000ece00000, 0x00000000ece00000, 0x00000000ecf00000|  0%| F|  |TAMS 0x00000000ece00000| PB 0x00000000ece00000| Untracked 
| 207|0x00000000ecf00000, 0x00000000ecf00000, 0x00000000ed000000|  0%| F|  |TAMS 0x00000000ecf00000| PB 0x00000000ecf00000| Untracked 
| 208|0x00000000ed000000, 0x00000000ed000000, 0x00000000ed100000|  0%| F|  |TAMS 0x00000000ed000000| PB 0x00000000ed000000| Untracked 
| 209|0x00000000ed100000, 0x00000000ed100000, 0x00000000ed200000|  0%| F|  |TAMS 0x00000000ed100000| PB 0x00000000ed100000| Untracked 
| 210|0x00000000ed200000, 0x00000000ed200000, 0x00000000ed300000|  0%| F|  |TAMS 0x00000000ed200000| PB 0x00000000ed200000| Untracked 
| 211|0x00000000ed300000, 0x00000000ed300000, 0x00000000ed400000|  0%| F|  |TAMS 0x00000000ed300000| PB 0x00000000ed300000| Untracked 
| 212|0x00000000ed400000, 0x00000000ed400000, 0x00000000ed500000|  0%| F|  |TAMS 0x00000000ed400000| PB 0x00000000ed400000| Untracked 
| 213|0x00000000ed500000, 0x00000000ed500000, 0x00000000ed600000|  0%| F|  |TAMS 0x00000000ed500000| PB 0x00000000ed500000| Untracked 
| 214|0x00000000ed600000, 0x00000000ed600000, 0x00000000ed700000|  0%| F|  |TAMS 0x00000000ed600000| PB 0x00000000ed600000| Untracked 
| 215|0x00000000ed700000, 0x00000000ed700000, 0x00000000ed800000|  0%| F|  |TAMS 0x00000000ed700000| PB 0x00000000ed700000| Untracked 
| 216|0x00000000ed800000, 0x00000000ed800000, 0x00000000ed900000|  0%| F|  |TAMS 0x00000000ed800000| PB 0x00000000ed800000| Untracked 
| 217|0x00000000ed900000, 0x00000000ed900000, 0x00000000eda00000|  0%| F|  |TAMS 0x00000000ed900000| PB 0x00000000ed900000| Untracked 
| 218|0x00000000eda00000, 0x00000000eda00000, 0x00000000edb00000|  0%| F|  |TAMS 0x00000000eda00000| PB 0x00000000eda00000| Untracked 
| 219|0x00000000edb00000, 0x00000000edb00000, 0x00000000edc00000|  0%| F|  |TAMS 0x00000000edb00000| PB 0x00000000edb00000| Untracked 
| 220|0x00000000edc00000, 0x00000000edc00000, 0x00000000edd00000|  0%| F|  |TAMS 0x00000000edc00000| PB 0x00000000edc00000| Untracked 
| 221|0x00000000edd00000, 0x00000000edd00000, 0x00000000ede00000|  0%| F|  |TAMS 0x00000000edd00000| PB 0x00000000edd00000| Untracked 
| 222|0x00000000ede00000, 0x00000000ede00000, 0x00000000edf00000|  0%| F|  |TAMS 0x00000000ede00000| PB 0x00000000ede00000| Untracked 
| 223|0x00000000edf00000, 0x00000000edf00000, 0x00000000ee000000|  0%| F|  |TAMS 0x00000000edf00000| PB 0x00000000edf00000| Untracked 
| 224|0x00000000ee000000, 0x00000000ee000000, 0x00000000ee100000|  0%| F|  |TAMS 0x00000000ee000000| PB 0x00000000ee000000| Untracked 
| 225|0x00000000ee100000, 0x00000000ee100000, 0x00000000ee200000|  0%| F|  |TAMS 0x00000000ee100000| PB 0x00000000ee100000| Untracked 
| 226|0x00000000ee200000, 0x00000000ee200000, 0x00000000ee300000|  0%| F|  |TAMS 0x00000000ee200000| PB 0x00000000ee200000| Untracked 
| 227|0x00000000ee300000, 0x00000000ee300000, 0x00000000ee400000|  0%| F|  |TAMS 0x00000000ee300000| PB 0x00000000ee300000| Untracked 
| 228|0x00000000ee400000, 0x00000000ee400000, 0x00000000ee500000|  0%| F|  |TAMS 0x00000000ee400000| PB 0x00000000ee400000| Untracked 
| 229|0x00000000ee500000, 0x00000000ee500000, 0x00000000ee600000|  0%| F|  |TAMS 0x00000000ee500000| PB 0x00000000ee500000| Untracked 
| 230|0x00000000ee600000, 0x00000000ee600000, 0x00000000ee700000|  0%| F|  |TAMS 0x00000000ee600000| PB 0x00000000ee600000| Untracked 
| 231|0x00000000ee700000, 0x00000000ee700000, 0x00000000ee800000|  0%| F|  |TAMS 0x00000000ee700000| PB 0x00000000ee700000| Untracked 
| 232|0x00000000ee800000, 0x00000000ee800000, 0x00000000ee900000|  0%| F|  |TAMS 0x00000000ee800000| PB 0x00000000ee800000| Untracked 
| 233|0x00000000ee900000, 0x00000000ee900000, 0x00000000eea00000|  0%| F|  |TAMS 0x00000000ee900000| PB 0x00000000ee900000| Untracked 
| 234|0x00000000eea00000, 0x00000000eea00000, 0x00000000eeb00000|  0%| F|  |TAMS 0x00000000eea00000| PB 0x00000000eea00000| Untracked 
| 235|0x00000000eeb00000, 0x00000000eeb00000, 0x00000000eec00000|  0%| F|  |TAMS 0x00000000eeb00000| PB 0x00000000eeb00000| Untracked 
| 236|0x00000000eec00000, 0x00000000eec00000, 0x00000000eed00000|  0%| F|  |TAMS 0x00000000eec00000| PB 0x00000000eec00000| Untracked 
| 237|0x00000000eed00000, 0x00000000eed00000, 0x00000000eee00000|  0%| F|  |TAMS 0x00000000eed00000| PB 0x00000000eed00000| Untracked 
| 238|0x00000000eee00000, 0x00000000eee00000, 0x00000000eef00000|  0%| F|  |TAMS 0x00000000eee00000| PB 0x00000000eee00000| Untracked 
| 239|0x00000000eef00000, 0x00000000eef4ebe8, 0x00000000ef000000| 30%| S|CS|TAMS 0x00000000eef00000| PB 0x00000000eef00000| Complete 
| 240|0x00000000ef000000, 0x00000000ef100000, 0x00000000ef100000|100%| S|CS|TAMS 0x00000000ef000000| PB 0x00000000ef000000| Complete 
| 241|0x00000000ef100000, 0x00000000ef200000, 0x00000000ef200000|100%| S|CS|TAMS 0x00000000ef100000| PB 0x00000000ef100000| Complete 
| 242|0x00000000ef200000, 0x00000000ef200000, 0x00000000ef300000|  0%| F|  |TAMS 0x00000000ef200000| PB 0x00000000ef200000| Untracked 
| 243|0x00000000ef300000, 0x00000000ef300000, 0x00000000ef400000|  0%| F|  |TAMS 0x00000000ef300000| PB 0x00000000ef300000| Untracked 
| 244|0x00000000ef400000, 0x00000000ef400000, 0x00000000ef500000|  0%| F|  |TAMS 0x00000000ef400000| PB 0x00000000ef400000| Untracked 
| 245|0x00000000ef500000, 0x00000000ef500000, 0x00000000ef600000|  0%| F|  |TAMS 0x00000000ef500000| PB 0x00000000ef500000| Untracked 
| 246|0x00000000ef600000, 0x00000000ef600000, 0x00000000ef700000|  0%| F|  |TAMS 0x00000000ef600000| PB 0x00000000ef600000| Untracked 
| 247|0x00000000ef700000, 0x00000000ef700000, 0x00000000ef800000|  0%| F|  |TAMS 0x00000000ef700000| PB 0x00000000ef700000| Untracked 
| 248|0x00000000ef800000, 0x00000000ef800000, 0x00000000ef900000|  0%| F|  |TAMS 0x00000000ef800000| PB 0x00000000ef800000| Untracked 
| 249|0x00000000ef900000, 0x00000000ef900000, 0x00000000efa00000|  0%| F|  |TAMS 0x00000000ef900000| PB 0x00000000ef900000| Untracked 
| 250|0x00000000efa00000, 0x00000000efa00000, 0x00000000efb00000|  0%| F|  |TAMS 0x00000000efa00000| PB 0x00000000efa00000| Untracked 
| 251|0x00000000efb00000, 0x00000000efb00000, 0x00000000efc00000|  0%| F|  |TAMS 0x00000000efb00000| PB 0x00000000efb00000| Untracked 
| 252|0x00000000efc00000, 0x00000000efc00000, 0x00000000efd00000|  0%| F|  |TAMS 0x00000000efc00000| PB 0x00000000efc00000| Untracked 
| 253|0x00000000efd00000, 0x00000000efd00000, 0x00000000efe00000|  0%| F|  |TAMS 0x00000000efd00000| PB 0x00000000efd00000| Untracked 
| 254|0x00000000efe00000, 0x00000000efe728b0, 0x00000000eff00000| 44%| E|  |TAMS 0x00000000efe00000| PB 0x00000000efe00000| Complete 
| 255|0x00000000eff00000, 0x00000000f0000000, 0x00000000f0000000|100%| E|CS|TAMS 0x00000000eff00000| PB 0x00000000eff00000| Complete 

Card table byte_map: [0x0000026b99fa0000,0x0000026b9a0a0000] _byte_map_base: 0x0000026b998a0000

Marking Bits: (CMBitMap*) 0x0000026b82f0b330
 Bits: [0x0000026b9a1a0000, 0x0000026b9a9a0000)

Polling page: 0x0000026b80e60000

Metaspace:

Usage:
  Non-class:     54.77 MB used.
      Class:      8.87 MB used.
       Both:     63.64 MB used.

Virtual space:
  Non-class space:       64.00 MB reserved,      55.75 MB ( 87%) committed,  1 nodes.
      Class space:      308.00 MB reserved,       9.81 MB (  3%) committed,  1 nodes.
             Both:      372.00 MB reserved,      65.56 MB ( 18%) committed. 

Chunk freelists:
   Non-Class:  3.60 MB
       Class:  2.24 MB
        Both:  5.84 MB

MaxMetaspaceSize: 384.00 MB
CompressedClassSpaceSize: 308.00 MB
Initial GC threshold: 21.00 MB
Current GC threshold: 100.12 MB
CDS: on
MetaspaceReclaimPolicy: balanced
 - commit_granule_bytes: 65536.
 - commit_granule_words: 8192.
 - virtual_space_node_default_size: 8388608.
 - enlarge_chunks_in_place: 1.
 - new_chunks_are_fully_committed: 0.
 - uncommit_free_chunks: 1.
 - use_allocation_guard: 0.


Internal statistics:

num_allocs_failed_limit: 15.
num_arena_births: 3360.
num_arena_deaths: 0.
num_vsnodes_births: 2.
num_vsnodes_deaths: 0.
num_space_committed: 1049.
num_space_uncommitted: 0.
num_chunks_returned_to_freelist: 15.
num_chunks_taken_from_freelist: 6291.
num_chunk_merges: 15.
num_chunk_splits: 4105.
num_chunks_enlarged: 2548.
num_inconsistent_stats: 0.

CodeHeap 'non-profiled nmethods': size=120000Kb used=4943Kb max_used=4943Kb free=115056Kb
 bounds [0x0000026b92a70000, 0x0000026b92f50000, 0x0000026b99fa0000]
CodeHeap 'profiled nmethods': size=120000Kb used=18956Kb max_used=18956Kb free=101044Kb
 bounds [0x0000026b8afa0000, 0x0000026b8c230000, 0x0000026b924d0000]
CodeHeap 'non-nmethods': size=5760Kb used=2825Kb max_used=2861Kb free=2935Kb
 bounds [0x0000026b924d0000, 0x0000026b927b0000, 0x0000026b92a70000]
 total_blobs=10842 nmethods=9954 adapters=798
 compilation: enabled
              stopped_count=0, restarted_count=0
 full_count=0

Compilation events (20 events):
Event: 2771.602 Thread 0x0000026b9cfcb910 nmethod 10718 0x0000026b92f41f90 code [0x0000026b92f42100, 0x0000026b92f42198]
Event: 2771.681 Thread 0x0000026b9cfcb910 10723       4       org.codehaus.groovy.reflection.ParameterTypes::getParameterTypes (16 bytes)
Event: 2771.691 Thread 0x0000026b9cfcb910 nmethod 10723 0x0000026b92f42290 code [0x0000026b92f42400, 0x0000026b92f424c0]
Event: 2771.788 Thread 0x0000026bb5530500 nmethod 10715 0x0000026b8c211990 code [0x0000026b8c212520, 0x0000026b8c21b358]
Event: 2771.791 Thread 0x0000026bb5530500 10719       3       org.gradle.api.internal.attributes.DefaultImmutableAttributesFactory::concat (12 bytes)
Event: 2771.845 Thread 0x0000026bb5530500 nmethod 10719 0x0000026b8c21d990 code [0x0000026b8c21db40, 0x0000026b8c21dce8]
Event: 2771.845 Thread 0x0000026bb5530500 10721       3       org.gradle.api.internal.attributes.DefaultImmutableAttributesFactory::isolate (40 bytes)
Event: 2771.850 Thread 0x0000026bb5530500 nmethod 10721 0x0000026b8c21de10 code [0x0000026b8c21e000, 0x0000026b8c21e740]
Event: 2771.855 Thread 0x0000026bb5530500 10724       1       org.gradle.execution.plan.WorkSource$Selection::isNoWorkReadyToStart (2 bytes)
Event: 2771.855 Thread 0x0000026bb5530500 nmethod 10724 0x0000026b92f42590 code [0x0000026b92f42700, 0x0000026b92f427c8]
Event: 2771.858 Thread 0x0000026bb5530500 10725       1       org.gradle.execution.plan.WorkSource$Selection$3::getItem (5 bytes)
Event: 2771.858 Thread 0x0000026bb5530500 nmethod 10725 0x0000026b92f42890 code [0x0000026b92f42a00, 0x0000026b92f42ac8]
Event: 2772.058 Thread 0x0000026bb5530500 10726       3       java.util.ArrayDeque::toArray (95 bytes)
Event: 2772.060 Thread 0x0000026bb5530500 nmethod 10726 0x0000026b8c21e990 code [0x0000026b8c21eb80, 0x0000026b8c21f3d0]
Event: 2772.110 Thread 0x0000026bb5530500 10727       1       org.gradle.internal.properties.bean.DefaultPropertyWalker$ImplementationPropertyValue::call (5 bytes)
Event: 2772.113 Thread 0x0000026bb5530500 nmethod 10727 0x0000026b92f42b90 code [0x0000026b92f42d00, 0x0000026b92f42dc8]
Event: 2772.352 Thread 0x0000026b9cfcb910 10728       4       java.util.Arrays::fill (21 bytes)
Event: 2772.354 Thread 0x0000026bb5530500 10729       3       sun.security.provider.ByteArrayAccess::i2bBig (33 bytes)
Event: 2772.367 Thread 0x0000026bb5530500 nmethod 10729 0x0000026b8c21f610 code [0x0000026b8c21f820, 0x0000026b8c21ff00]
Event: 2772.369 Thread 0x0000026b9cfcb910 nmethod 10728 0x0000026b92f42e90 code [0x0000026b92f43000, 0x0000026b92f43150]

GC Heap History (20 events):
Event: 19.922 GC heap before
{Heap before GC invocations=5 (full 0):
 garbage-first heap   total 262144K, used 129875K [0x00000000e0000000, 0x0000000100000000)
  region size 1024K, 112 young (114688K), 12 survivors (12288K)
 Metaspace       used 34336K, committed 35648K, reserved 380928K
  class space    used 4791K, committed 5440K, reserved 315392K
}
Event: 19.960 GC heap after
{Heap after GC invocations=6 (full 0):
 garbage-first heap   total 262144K, used 32018K [0x00000000e0000000, 0x0000000100000000)
  region size 1024K, 9 young (9216K), 9 survivors (9216K)
 Metaspace       used 34336K, committed 35648K, reserved 380928K
  class space    used 4791K, committed 5440K, reserved 315392K
}
Event: 20.165 GC heap before
{Heap before GC invocations=6 (full 0):
 garbage-first heap   total 262144K, used 37138K [0x00000000e0000000, 0x0000000100000000)
  region size 1024K, 15 young (15360K), 9 survivors (9216K)
 Metaspace       used 34855K, committed 36160K, reserved 380928K
  class space    used 4845K, committed 5504K, reserved 315392K
}
Event: 20.184 GC heap after
{Heap after GC invocations=7 (full 0):
 garbage-first heap   total 262144K, used 32089K [0x00000000e0000000, 0x0000000100000000)
  region size 1024K, 2 young (2048K), 2 survivors (2048K)
 Metaspace       used 34855K, committed 36160K, reserved 380928K
  class space    used 4845K, committed 5504K, reserved 315392K
}
Event: 20.668 GC heap before
{Heap before GC invocations=7 (full 0):
 garbage-first heap   total 262144K, used 38233K [0x00000000e0000000, 0x0000000100000000)
  region size 1024K, 9 young (9216K), 2 survivors (2048K)
 Metaspace       used 35233K, committed 36480K, reserved 380928K
  class space    used 4905K, committed 5568K, reserved 315392K
}
Event: 20.673 GC heap after
{Heap after GC invocations=8 (full 0):
 garbage-first heap   total 262144K, used 32168K [0x00000000e0000000, 0x0000000100000000)
  region size 1024K, 2 young (2048K), 2 survivors (2048K)
 Metaspace       used 35233K, committed 36480K, reserved 380928K
  class space    used 4905K, committed 5568K, reserved 315392K
}
Event: 25.127 GC heap before
{Heap before GC invocations=9 (full 0):
 garbage-first heap   total 262144K, used 170408K [0x00000000e0000000, 0x0000000100000000)
  region size 1024K, 136 young (139264K), 2 survivors (2048K)
 Metaspace       used 49268K, committed 51008K, reserved 380928K
  class space    used 7061K, committed 7936K, reserved 315392K
}
Event: 25.158 GC heap after
{Heap after GC invocations=10 (full 0):
 garbage-first heap   total 262144K, used 42272K [0x00000000e0000000, 0x0000000100000000)
  region size 1024K, 12 young (12288K), 12 survivors (12288K)
 Metaspace       used 49268K, committed 51008K, reserved 380928K
  class space    used 7061K, committed 7936K, reserved 315392K
}
Event: 28.250 GC heap before
{Heap before GC invocations=10 (full 0):
 garbage-first heap   total 262144K, used 103712K [0x00000000e0000000, 0x0000000100000000)
  region size 1024K, 74 young (75776K), 12 survivors (12288K)
 Metaspace       used 59315K, committed 61120K, reserved 380928K
  class space    used 8511K, committed 9408K, reserved 315392K
}
Event: 28.296 GC heap after
{Heap after GC invocations=11 (full 0):
 garbage-first heap   total 262144K, used 48390K [0x00000000e0000000, 0x0000000100000000)
  region size 1024K, 17 young (17408K), 17 survivors (17408K)
 Metaspace       used 59315K, committed 61120K, reserved 380928K
  class space    used 8511K, committed 9408K, reserved 315392K
}
Event: 28.336 GC heap before
{Heap before GC invocations=11 (full 0):
 garbage-first heap   total 262144K, used 49414K [0x00000000e0000000, 0x0000000100000000)
  region size 1024K, 19 young (19456K), 17 survivors (17408K)
 Metaspace       used 59633K, committed 61440K, reserved 380928K
  class space    used 8567K, committed 9472K, reserved 315392K
}
Event: 28.410 GC heap after
{Heap after GC invocations=12 (full 0):
 garbage-first heap   total 262144K, used 48876K [0x00000000e0000000, 0x0000000100000000)
  region size 1024K, 7 young (7168K), 7 survivors (7168K)
 Metaspace       used 59633K, committed 61440K, reserved 380928K
  class space    used 8567K, committed 9472K, reserved 315392K
}
Event: 1862.454 GC heap before
{Heap before GC invocations=13 (full 0):
 garbage-first heap   total 262144K, used 197356K [0x00000000e0000000, 0x0000000100000000)
  region size 1024K, 153 young (156672K), 7 survivors (7168K)
 Metaspace       used 65003K, committed 66880K, reserved 380928K
  class space    used 9079K, committed 10048K, reserved 315392K
}
Event: 1863.749 GC heap after
{Heap after GC invocations=14 (full 0):
 garbage-first heap   total 262144K, used 52633K [0x00000000e0000000, 0x0000000100000000)
  region size 1024K, 11 young (11264K), 11 survivors (11264K)
 Metaspace       used 65003K, committed 66880K, reserved 380928K
  class space    used 9079K, committed 10048K, reserved 315392K
}
Event: 1863.900 GC heap before
{Heap before GC invocations=14 (full 0):
 garbage-first heap   total 262144K, used 53657K [0x00000000e0000000, 0x0000000100000000)
  region size 1024K, 12 young (12288K), 11 survivors (11264K)
 Metaspace       used 65007K, committed 66944K, reserved 380928K
  class space    used 9079K, committed 10048K, reserved 315392K
}
Event: 1864.003 GC heap after
{Heap after GC invocations=15 (full 0):
 garbage-first heap   total 262144K, used 52620K [0x00000000e0000000, 0x0000000100000000)
  region size 1024K, 2 young (2048K), 2 survivors (2048K)
 Metaspace       used 65007K, committed 66944K, reserved 380928K
  class space    used 9079K, committed 10048K, reserved 315392K
}
Event: 2690.540 GC heap before
{Heap before GC invocations=15 (full 0):
 garbage-first heap   total 262144K, used 71052K [0x00000000e0000000, 0x0000000100000000)
  region size 1024K, 21 young (21504K), 2 survivors (2048K)
 Metaspace       used 65039K, committed 67008K, reserved 380928K
  class space    used 9079K, committed 10048K, reserved 315392K
}
Event: 2690.586 GC heap after
{Heap after GC invocations=16 (full 0):
 garbage-first heap   total 262144K, used 55193K [0x00000000e0000000, 0x0000000100000000)
  region size 1024K, 3 young (3072K), 3 survivors (3072K)
 Metaspace       used 65039K, committed 67008K, reserved 380928K
  class space    used 9079K, committed 10048K, reserved 315392K
}
Event: 2770.219 GC heap before
{Heap before GC invocations=16 (full 0):
 garbage-first heap   total 262144K, used 68505K [0x00000000e0000000, 0x0000000100000000)
  region size 1024K, 17 young (17408K), 3 survivors (3072K)
 Metaspace       used 65137K, committed 67136K, reserved 380928K
  class space    used 9080K, committed 10048K, reserved 315392K
}
Event: 2770.538 GC heap after
{Heap after GC invocations=17 (full 0):
 garbage-first heap   total 262144K, used 55212K [0x00000000e0000000, 0x0000000100000000)
  region size 1024K, 3 young (3072K), 3 survivors (3072K)
 Metaspace       used 65137K, committed 67136K, reserved 380928K
  class space    used 9080K, committed 10048K, reserved 315392K
}

Dll operation events (15 events):
Event: 0.073 Loaded shared library C:\Users\hieuh\.jdks\openjdk-20.0.2\bin\java.dll
Event: 0.276 Loaded shared library C:\Users\hieuh\.jdks\openjdk-20.0.2\bin\jsvml.dll
Event: 0.812 Loaded shared library C:\Users\hieuh\.jdks\openjdk-20.0.2\bin\zip.dll
Event: 0.822 Loaded shared library C:\Users\hieuh\.jdks\openjdk-20.0.2\bin\instrument.dll
Event: 0.839 Loaded shared library C:\Users\hieuh\.jdks\openjdk-20.0.2\bin\net.dll
Event: 0.856 Loaded shared library C:\Users\hieuh\.jdks\openjdk-20.0.2\bin\nio.dll
Event: 0.871 Loaded shared library C:\Users\hieuh\.jdks\openjdk-20.0.2\bin\zip.dll
Event: 2.129 Loaded shared library C:\Users\hieuh\.jdks\openjdk-20.0.2\bin\jimage.dll
Event: 2.615 Loaded shared library C:\Users\hieuh\.jdks\openjdk-20.0.2\bin\verify.dll
Event: 3.708 Loaded shared library C:\Users\hieuh\.gradle\native\68d5fa5c4cc2d200863cafc0d521ce42e7d3e7ee720ec0a83991735586a16f82\windows-amd64\native-platform.dll
Event: 3.750 Loaded shared library C:\Users\hieuh\.gradle\native\e376f236ea51e6404a007f0833ffe2c6e607c4080706a723a18a27aeea778392\windows-amd64\native-platform-file-events.dll
Event: 8.625 Loaded shared library C:\Users\hieuh\.jdks\openjdk-20.0.2\bin\management.dll
Event: 8.636 Loaded shared library C:\Users\hieuh\.jdks\openjdk-20.0.2\bin\management_ext.dll
Event: 10.402 Loaded shared library C:\Users\hieuh\.jdks\openjdk-20.0.2\bin\extnet.dll
Event: 11.371 Loaded shared library C:\Users\hieuh\.jdks\openjdk-20.0.2\bin\sunmscapi.dll

Deoptimization events (20 events):
Event: 2697.374 Thread 0x0000026bb582d250 DEOPT PACKING pc=0x0000026b92bbe20c sp=0x000000b4419fa690
Event: 2697.374 Thread 0x0000026bb582d250 DEOPT UNPACKING pc=0x0000026b92539d22 sp=0x000000b4419fa3b0 mode 2
Event: 2697.438 Thread 0x0000026bb582d250 Uncommon trap: trap_request=0xffffff45 fr.pc=0x0000026b92d2a960 relative=0x0000000000000400
Event: 2697.438 Thread 0x0000026bb582d250 Uncommon trap: reason=unstable_if action=reinterpret pc=0x0000026b92d2a960 method=com.google.common.collect.MapMakerInternalMap$Segment.getEntry(Ljava/lang/Object;I)Lcom/google/common/collect/MapMakerInternalMap$InternalEntry; @ 40 c2
Event: 2697.438 Thread 0x0000026bb582d250 DEOPT PACKING pc=0x0000026b92d2a960 sp=0x000000b4419fa7e0
Event: 2697.438 Thread 0x0000026bb582d250 DEOPT UNPACKING pc=0x0000026b92539d22 sp=0x000000b4419fa798 mode 2
Event: 2697.454 Thread 0x0000026bb582d250 Uncommon trap: trap_request=0xffffffd6 fr.pc=0x0000026b92efa8a0 relative=0x0000000000000400
Event: 2697.454 Thread 0x0000026bb582d250 Uncommon trap: reason=array_check action=maybe_recompile pc=0x0000026b92efa8a0 method=java.util.AbstractCollection.toArray([Ljava/lang/Object;)[Ljava/lang/Object; @ 116 c2
Event: 2697.454 Thread 0x0000026bb582d250 DEOPT PACKING pc=0x0000026b92efa8a0 sp=0x000000b4419fbfe0
Event: 2697.456 Thread 0x0000026bb582d250 DEOPT UNPACKING pc=0x0000026b92539d22 sp=0x000000b4419fbf80 mode 2
Event: 2768.394 Thread 0x0000026bb77296b0 Uncommon trap: trap_request=0xffffffd6 fr.pc=0x0000026b92efa8a0 relative=0x0000000000000400
Event: 2768.404 Thread 0x0000026bb77296b0 Uncommon trap: reason=array_check action=maybe_recompile pc=0x0000026b92efa8a0 method=java.util.AbstractCollection.toArray([Ljava/lang/Object;)[Ljava/lang/Object; @ 116 c2
Event: 2768.413 Thread 0x0000026bb77296b0 DEOPT PACKING pc=0x0000026b92efa8a0 sp=0x000000b4409f7880
Event: 2768.421 Thread 0x0000026bb77296b0 DEOPT UNPACKING pc=0x0000026b92539d22 sp=0x000000b4409f7820 mode 2
Event: 2768.427 Thread 0x0000026bb77296b0 Uncommon trap: trap_request=0xffffffd6 fr.pc=0x0000026b92efa8a0 relative=0x0000000000000400
Event: 2768.427 Thread 0x0000026bb77296b0 Uncommon trap: reason=array_check action=maybe_recompile pc=0x0000026b92efa8a0 method=java.util.AbstractCollection.toArray([Ljava/lang/Object;)[Ljava/lang/Object; @ 116 c2
Event: 2768.427 Thread 0x0000026bb77296b0 DEOPT PACKING pc=0x0000026b92efa8a0 sp=0x000000b4409f7880
Event: 2768.429 Thread 0x0000026bb77296b0 DEOPT UNPACKING pc=0x0000026b92539d22 sp=0x000000b4409f7820 mode 2
Event: 2772.352 Thread 0x0000026bb582ad20 DEOPT PACKING pc=0x0000026b8b086b44 sp=0x000000b441ffb3c0
Event: 2772.352 Thread 0x0000026bb582ad20 DEOPT UNPACKING pc=0x0000026b9253a4c2 sp=0x000000b441ffa858 mode 0

Classes loaded (20 events):
Event: 320.260 Loading class java/io/ObjectInputStream$HandleTable
Event: 320.316 Loading class java/io/ObjectInputStream$HandleTable done
Event: 320.317 Loading class java/io/ObjectInputStream$HandleTable$HandleList
Event: 320.317 Loading class java/io/ObjectInputStream$HandleTable$HandleList done
Event: 320.317 Loading class java/io/ObjectInputStream$ValidationList
Event: 321.173 Loading class java/io/ObjectInputStream$ValidationList done
Event: 321.180 Loading class java/io/ObjectInputFilter$Config
Event: 321.868 Loading class java/io/ObjectInputFilter$Config done
Event: 321.868 Loading class java/io/ObjectInputFilter
Event: 322.019 Loading class java/io/ObjectInputFilter done
Event: 322.135 Loading class java/io/ObjectInputFilter$Config$BuiltinFilterFactory
Event: 322.157 Loading class java/io/ObjectInputFilter$Config$BuiltinFilterFactory done
Event: 322.159 Loading class jdk/internal/access/JavaObjectInputFilterAccess
Event: 322.165 Loading class jdk/internal/access/JavaObjectInputFilterAccess done
Event: 322.262 Loading class jdk/internal/event/DeserializationEvent
Event: 322.302 Loading class jdk/internal/event/DeserializationEvent done
Event: 322.780 Loading class java/io/ObjectInputStream$FieldValues
Event: 322.918 Loading class java/io/ObjectInputStream$GetField
Event: 322.922 Loading class java/io/ObjectInputStream$GetField done
Event: 322.924 Loading class java/io/ObjectInputStream$FieldValues done

Classes unloaded (0 events):
No events

Classes redefined (0 events):
No events

Internal exceptions (20 events):
Event: 2689.785 Thread 0x0000026bb582d250 Exception <a 'sun/nio/fs/WindowsException'{0x00000000eefa5f90}> (0x00000000eefa5f90) 
thrown [s\open\src\hotspot\share\prims\jni.cpp, line 519]
Event: 2691.116 Thread 0x0000026bb582d250 Exception <a 'sun/nio/fs/WindowsException'{0x00000000efc5adc0}> (0x00000000efc5adc0) 
thrown [s\open\src\hotspot\share\prims\jni.cpp, line 519]
Event: 2691.134 Thread 0x0000026bb582d250 Exception <a 'sun/nio/fs/WindowsException'{0x00000000efc661a0}> (0x00000000efc661a0) 
thrown [s\open\src\hotspot\share\prims\jni.cpp, line 519]
Event: 2691.136 Thread 0x0000026bb582d250 Exception <a 'sun/nio/fs/WindowsException'{0x00000000efc6c788}> (0x00000000efc6c788) 
thrown [s\open\src\hotspot\share\prims\jni.cpp, line 519]
Event: 2691.138 Thread 0x0000026bb582d250 Exception <a 'sun/nio/fs/WindowsException'{0x00000000efc709e8}> (0x00000000efc709e8) 
thrown [s\open\src\hotspot\share\prims\jni.cpp, line 519]
Event: 2691.214 Thread 0x0000026bb582d250 Exception <a 'sun/nio/fs/WindowsException'{0x00000000efb38a18}> (0x00000000efb38a18) 
thrown [s\open\src\hotspot\share\prims\jni.cpp, line 519]
Event: 2691.219 Thread 0x0000026bb582d250 Exception <a 'sun/nio/fs/WindowsException'{0x00000000efb43558}> (0x00000000efb43558) 
thrown [s\open\src\hotspot\share\prims\jni.cpp, line 519]
Event: 2691.222 Thread 0x0000026bb582d250 Exception <a 'sun/nio/fs/WindowsException'{0x00000000efb518e8}> (0x00000000efb518e8) 
thrown [s\open\src\hotspot\share\prims\jni.cpp, line 519]
Event: 2691.223 Thread 0x0000026bb582d250 Exception <a 'sun/nio/fs/WindowsException'{0x00000000efb6aa80}> (0x00000000efb6aa80) 
thrown [s\open\src\hotspot\share\prims\jni.cpp, line 519]
Event: 2691.339 Thread 0x0000026bb582d250 Exception <a 'sun/nio/fs/WindowsException'{0x00000000efa21788}> (0x00000000efa21788) 
thrown [s\open\src\hotspot\share\prims\jni.cpp, line 519]
Event: 2691.345 Thread 0x0000026bb582d250 Exception <a 'sun/nio/fs/WindowsException'{0x00000000efa392a8}> (0x00000000efa392a8) 
thrown [s\open\src\hotspot\share\prims\jni.cpp, line 519]
Event: 2691.371 Thread 0x0000026bb582d250 Implicit null exception at 0x0000026b92b844e8 to 0x0000026b92b84be8
Event: 2691.374 Thread 0x0000026bb582d250 Exception <a 'sun/nio/fs/WindowsException'{0x00000000efacf720}> (0x00000000efacf720) 
thrown [s\open\src\hotspot\share\prims\jni.cpp, line 519]
Event: 2691.528 Thread 0x0000026bb582d250 Exception <a 'sun/nio/fs/WindowsException'{0x00000000ef9f4b48}> (0x00000000ef9f4b48) 
thrown [s\open\src\hotspot\share\prims\jni.cpp, line 519]
Event: 2691.576 Thread 0x0000026bb582d250 Exception <a 'sun/nio/fs/WindowsException'{0x00000000ef84e9e8}> (0x00000000ef84e9e8) 
thrown [s\open\src\hotspot\share\prims\jni.cpp, line 519]
Event: 2697.473 Thread 0x0000026bb582d250 Exception <a 'sun/nio/fs/WindowsException'{0x00000000ef6b6c98}> (0x00000000ef6b6c98) 
thrown [s\open\src\hotspot\share\prims\jni.cpp, line 519]
Event: 2765.575 Thread 0x0000026bb77296b0 Exception <a 'sun/nio/fs/WindowsException'{0x00000000ef3fb2c0}> (0x00000000ef3fb2c0) 
thrown [s\open\src\hotspot\share\prims\jni.cpp, line 519]
Event: 2765.592 Thread 0x0000026bb77296b0 Exception <a 'sun/nio/fs/WindowsException'{0x00000000ef3fc9f8}> (0x00000000ef3fc9f8) 
thrown [s\open\src\hotspot\share\prims\jni.cpp, line 519]
Event: 2765.596 Thread 0x0000026bb77296b0 Exception <a 'sun/nio/fs/WindowsException'{0x00000000ef3fdec8}> (0x00000000ef3fdec8) 
thrown [s\open\src\hotspot\share\prims\jni.cpp, line 519]
Event: 2765.600 Thread 0x0000026bb77296b0 Exception <a 'sun/nio/fs/WindowsException'{0x00000000ef3ff378}> (0x00000000ef3ff378) 
thrown [s\open\src\hotspot\share\prims\jni.cpp, line 519]

VM Operations (20 events):
Event: 2700.773 Executing VM operation: Cleanup
Event: 2700.773 Executing VM operation: Cleanup done
Event: 2741.757 Executing VM operation: HandshakeAllThreads
Event: 2741.763 Executing VM operation: HandshakeAllThreads done
Event: 2749.834 Executing VM operation: Cleanup
Event: 2749.852 Executing VM operation: Cleanup done
Event: 2751.865 Executing VM operation: Cleanup
Event: 2751.897 Executing VM operation: Cleanup done
Event: 2753.922 Executing VM operation: Cleanup
Event: 2753.928 Executing VM operation: Cleanup done
Event: 2767.067 Executing VM operation: Cleanup
Event: 2767.068 Executing VM operation: Cleanup done
Event: 2768.077 Executing VM operation: Cleanup
Event: 2768.094 Executing VM operation: Cleanup done
Event: 2769.096 Executing VM operation: Cleanup
Event: 2769.221 Executing VM operation: Cleanup done
Event: 2770.210 Executing VM operation: G1CollectForAllocation
Event: 2770.539 Executing VM operation: G1CollectForAllocation done
Event: 2771.548 Executing VM operation: Cleanup
Event: 2771.551 Executing VM operation: Cleanup done

Events (20 events):
Event: 2700.415 Thread 0x0000026bb772a150 Thread exited: 0x0000026bb772a150
Event: 2700.437 Thread 0x0000026bb772b690 Thread exited: 0x0000026bb772b690
Event: 2726.055 Thread 0x0000026bb772a6a0 Thread exited: 0x0000026bb772a6a0
Event: 2748.561 Thread 0x0000026bb582d7a0 Thread added: 0x0000026bb582d7a0
Event: 2748.981 Thread 0x0000026bb58282a0 Thread added: 0x0000026bb58282a0
Event: 2749.403 Thread 0x0000026bb5829d30 Thread added: 0x0000026bb5829d30
Event: 2749.639 Thread 0x0000026bb582a280 Thread added: 0x0000026bb582a280
Event: 2749.664 Thread 0x0000026bb5828d40 Thread added: 0x0000026bb5828d40
Event: 2754.866 Thread 0x0000026bb582e240 Thread added: 0x0000026bb582e240
Event: 2755.097 Thread 0x0000026bb58272b0 Thread added: 0x0000026bb58272b0
Event: 2755.798 Thread 0x0000026bb58287f0 Thread added: 0x0000026bb58287f0
Event: 2755.944 Thread 0x0000026bb582b7c0 Thread added: 0x0000026bb582b7c0
Event: 2759.598 Thread 0x0000026bb582d250 Thread exited: 0x0000026bb582d250
Event: 2765.845 Thread 0x0000026bb582a7d0 Thread added: 0x0000026bb582a7d0
Event: 2767.218 Thread 0x0000026bb5829290 Thread added: 0x0000026bb5829290
Event: 2771.707 Thread 0x0000026bb5827d50 Thread added: 0x0000026bb5827d50
Event: 2771.725 Thread 0x0000026bb582ad20 Thread added: 0x0000026bb582ad20
Event: 2771.727 Thread 0x0000026bb582ece0 Thread added: 0x0000026bb582ece0
Event: 2771.733 Thread 0x0000026bb5827800 Thread added: 0x0000026bb5827800
Event: 2771.842 Thread 0x0000026bb582c260 Thread added: 0x0000026bb582c260


Dynamic libraries:
0x00007ff76c210000 - 0x00007ff76c21e000 	C:\Users\hieuh\.jdks\openjdk-20.0.2\bin\java.exe
0x00007ffe2aed0000 - 0x00007ffe2b0e7000 	C:\Windows\SYSTEM32\ntdll.dll
0x00007ffe2a610000 - 0x00007ffe2a6d4000 	C:\Windows\System32\KERNEL32.DLL
0x00007ffe28500000 - 0x00007ffe288a6000 	C:\Windows\System32\KERNELBASE.dll
0x00007ffe28b00000 - 0x00007ffe28c11000 	C:\Windows\System32\ucrtbase.dll
0x00007ffe21090000 - 0x00007ffe210a7000 	C:\Users\hieuh\.jdks\openjdk-20.0.2\bin\jli.dll
0x00007ffe2a460000 - 0x00007ffe2a60e000 	C:\Windows\System32\USER32.dll
0x00007ffe283b0000 - 0x00007ffe283d6000 	C:\Windows\System32\win32u.dll
0x00007ffe2a9e0000 - 0x00007ffe2aa09000 	C:\Windows\System32\GDI32.dll
0x00007ffe20f40000 - 0x00007ffe20f5b000 	C:\Users\hieuh\.jdks\openjdk-20.0.2\bin\VCRUNTIME140.dll
0x00007ffe283e0000 - 0x00007ffe284f8000 	C:\Windows\System32\gdi32full.dll
0x00007ffe289a0000 - 0x00007ffe28a3a000 	C:\Windows\System32\msvcp_win.dll
0x00007ffe0f100000 - 0x00007ffe0f393000 	C:\Windows\WinSxS\amd64_microsoft.windows.common-controls_6595b64144ccf1df_6.0.22621.2506_none_270c5ae97388e100\COMCTL32.dll
0x00007ffe2ad40000 - 0x00007ffe2ade7000 	C:\Windows\System32\msvcrt.dll
0x00007ffe2a700000 - 0x00007ffe2a731000 	C:\Windows\System32\IMM32.DLL
0x00007ffe25590000 - 0x00007ffe2559c000 	C:\Users\hieuh\.jdks\openjdk-20.0.2\bin\vcruntime140_1.dll
0x00007ffe207a0000 - 0x00007ffe2082e000 	C:\Users\hieuh\.jdks\openjdk-20.0.2\bin\msvcp140.dll
0x00007ffdd7220000 - 0x00007ffdd7eb8000 	C:\Users\hieuh\.jdks\openjdk-20.0.2\bin\server\jvm.dll
0x00007ffe2ac80000 - 0x00007ffe2ad31000 	C:\Windows\System32\ADVAPI32.dll
0x00007ffe29b50000 - 0x00007ffe29bf5000 	C:\Windows\System32\sechost.dll
0x00007ffe2a860000 - 0x00007ffe2a977000 	C:\Windows\System32\RPCRT4.dll
0x00007ffe22430000 - 0x00007ffe22439000 	C:\Windows\SYSTEM32\WSOCK32.dll
0x00007ffe2ae10000 - 0x00007ffe2ae81000 	C:\Windows\System32\WS2_32.dll
0x00007ffe20ea0000 - 0x00007ffe20ed4000 	C:\Windows\SYSTEM32\WINMM.dll
0x00007ffe184f0000 - 0x00007ffe184fa000 	C:\Windows\SYSTEM32\VERSION.dll
0x00007ffe27240000 - 0x00007ffe27258000 	C:\Windows\SYSTEM32\kernel.appcore.dll
0x00007ffe25550000 - 0x00007ffe2555a000 	C:\Users\hieuh\.jdks\openjdk-20.0.2\bin\jimage.dll
0x00007ffe10d80000 - 0x00007ffe10fb3000 	C:\Windows\SYSTEM32\DBGHELP.DLL
0x00007ffe28c20000 - 0x00007ffe28fa9000 	C:\Windows\System32\combase.dll
0x00007ffe298d0000 - 0x00007ffe299a7000 	C:\Windows\System32\OLEAUT32.dll
0x00007ffe10cf0000 - 0x00007ffe10d22000 	C:\Windows\SYSTEM32\dbgcore.DLL
0x00007ffe28920000 - 0x00007ffe2899a000 	C:\Windows\System32\bcryptPrimitives.dll
0x00007ffe1dc80000 - 0x00007ffe1dc8e000 	C:\Users\hieuh\.jdks\openjdk-20.0.2\bin\instrument.dll
0x00007ffe1da60000 - 0x00007ffe1da86000 	C:\Users\hieuh\.jdks\openjdk-20.0.2\bin\java.dll
0x00007ffe1cfc0000 - 0x00007ffe1d097000 	C:\Users\hieuh\.jdks\openjdk-20.0.2\bin\jsvml.dll
0x00007ffe29c00000 - 0x00007ffe2a45a000 	C:\Windows\System32\SHELL32.dll
0x00007ffe26160000 - 0x00007ffe26a56000 	C:\Windows\SYSTEM32\windows.storage.dll
0x00007ffe26020000 - 0x00007ffe2615e000 	C:\Windows\SYSTEM32\wintypes.dll
0x00007ffe28fb0000 - 0x00007ffe290a3000 	C:\Windows\System32\SHCORE.dll
0x00007ffe2a980000 - 0x00007ffe2a9de000 	C:\Windows\System32\shlwapi.dll
0x00007ffe28170000 - 0x00007ffe28196000 	C:\Windows\SYSTEM32\profapi.dll
0x00007ffe1db60000 - 0x00007ffe1db78000 	C:\Users\hieuh\.jdks\openjdk-20.0.2\bin\zip.dll
0x00007ffe20f20000 - 0x00007ffe20f33000 	C:\Users\hieuh\.jdks\openjdk-20.0.2\bin\net.dll
0x00007ffe20b30000 - 0x00007ffe20c67000 	C:\Windows\SYSTEM32\WINHTTP.dll
0x00007ffe276c0000 - 0x00007ffe27729000 	C:\Windows\system32\mswsock.dll
0x00007ffe1dcc0000 - 0x00007ffe1dcd6000 	C:\Users\hieuh\.jdks\openjdk-20.0.2\bin\nio.dll
0x00007ffe20ee0000 - 0x00007ffe20ef0000 	C:\Users\hieuh\.jdks\openjdk-20.0.2\bin\verify.dll
0x00007ffe22520000 - 0x00007ffe22547000 	C:\Users\hieuh\.gradle\native\68d5fa5c4cc2d200863cafc0d521ce42e7d3e7ee720ec0a83991735586a16f82\windows-amd64\native-platform.dll
0x00007ffe1ce30000 - 0x00007ffe1cf74000 	C:\Users\hieuh\.gradle\native\e376f236ea51e6404a007f0833ffe2c6e607c4080706a723a18a27aeea778392\windows-amd64\native-platform-file-events.dll
0x00007ffe23410000 - 0x00007ffe2341a000 	C:\Users\hieuh\.jdks\openjdk-20.0.2\bin\management.dll
0x00007ffe22510000 - 0x00007ffe2251b000 	C:\Users\hieuh\.jdks\openjdk-20.0.2\bin\management_ext.dll
0x00007ffe2abd0000 - 0x00007ffe2abd8000 	C:\Windows\System32\PSAPI.DLL
0x00007ffe27920000 - 0x00007ffe2793b000 	C:\Windows\SYSTEM32\CRYPTSP.dll
0x00007ffe271a0000 - 0x00007ffe271d5000 	C:\Windows\system32\rsaenh.dll
0x00007ffe277b0000 - 0x00007ffe277dc000 	C:\Windows\SYSTEM32\USERENV.dll
0x00007ffe27b00000 - 0x00007ffe27b28000 	C:\Windows\SYSTEM32\bcrypt.dll
0x00007ffe27910000 - 0x00007ffe2791c000 	C:\Windows\SYSTEM32\CRYPTBASE.dll
0x00007ffe26cc0000 - 0x00007ffe26ced000 	C:\Windows\SYSTEM32\IPHLPAPI.DLL
0x00007ffe296f0000 - 0x00007ffe296f9000 	C:\Windows\System32\NSI.dll
0x00007ffe20d90000 - 0x00007ffe20da9000 	C:\Windows\SYSTEM32\dhcpcsvc6.DLL
0x00007ffe20dd0000 - 0x00007ffe20def000 	C:\Windows\SYSTEM32\dhcpcsvc.DLL
0x00007ffe26d30000 - 0x00007ffe26e29000 	C:\Windows\SYSTEM32\DNSAPI.dll
0x00007ffe224e0000 - 0x00007ffe224e7000 	C:\Users\hieuh\.jdks\openjdk-20.0.2\bin\extnet.dll
0x00007ffe20f80000 - 0x00007ffe20f8e000 	C:\Users\hieuh\.jdks\openjdk-20.0.2\bin\sunmscapi.dll
0x00007ffe28240000 - 0x00007ffe283a6000 	C:\Windows\System32\CRYPT32.dll
0x00007ffe27ad0000 - 0x00007ffe27afd000 	C:\Windows\SYSTEM32\ncrypt.dll
0x00007ffe27a90000 - 0x00007ffe27ac7000 	C:\Windows\SYSTEM32\NTASN1.dll
0x00007ffe18b30000 - 0x00007ffe18b38000 	C:\Windows\system32\wshunix.dll

dbghelp: loaded successfully - version: 4.0.5 - missing functions: none
symbol engine: initialized successfully - sym options: 0x614 - pdb path: .;C:\Users\hieuh\.jdks\openjdk-20.0.2\bin;C:\Windows\SYSTEM32;C:\Windows\WinSxS\amd64_microsoft.windows.common-controls_6595b64144ccf1df_6.0.22621.2506_none_270c5ae97388e100;C:\Users\hieuh\.jdks\openjdk-20.0.2\bin\server;C:\Users\hieuh\.gradle\native\68d5fa5c4cc2d200863cafc0d521ce42e7d3e7ee720ec0a83991735586a16f82\windows-amd64;C:\Users\hieuh\.gradle\native\e376f236ea51e6404a007f0833ffe2c6e607c4080706a723a18a27aeea778392\windows-amd64

VM Arguments:
jvm_args: --add-opens=java.base/java.util=ALL-UNNAMED --add-opens=java.base/java.lang=ALL-UNNAMED --add-opens=java.base/java.lang.invoke=ALL-UNNAMED --add-opens=java.prefs/java.util.prefs=ALL-UNNAMED --add-opens=java.base/java.nio.charset=ALL-UNNAMED --add-opens=java.base/java.net=ALL-UNNAMED --add-opens=java.base/java.util.concurrent.atomic=ALL-UNNAMED -XX:MaxMetaspaceSize=384m -XX:+HeapDumpOnOutOfMemoryError -Xms256m -Xmx512m -Dfile.encoding=windows-1252 -Duser.country=US -Duser.language=en -Duser.variant -javaagent:C:\Users\hieuh\.gradle\wrapper\dists\gradle-8.2-bin\bbg7u40eoinfdyxsxr3z4i7ta\gradle-8.2\lib\agents\gradle-instrumentation-agent-8.2.jar 
java_command: org.gradle.launcher.daemon.bootstrap.GradleDaemon 8.2
java_class_path (initial): C:\Users\hieuh\.gradle\wrapper\dists\gradle-8.2-bin\bbg7u40eoinfdyxsxr3z4i7ta\gradle-8.2\lib\gradle-launcher-8.2.jar
Launcher Type: SUN_STANDARD

[Global flags]
     intx CICompilerCount                          = 3                                         {product} {ergonomic}
   size_t CompressedClassSpaceSize                 = 322961408                                 {product} {ergonomic}
     uint ConcGCThreads                            = 1                                         {product} {ergonomic}
     uint G1ConcRefinementThreads                  = 4                                         {product} {ergonomic}
   size_t G1HeapRegionSize                         = 1048576                                   {product} {ergonomic}
    uintx GCDrainStackTargetSize                   = 64                                        {product} {ergonomic}
     bool HeapDumpOnOutOfMemoryError               = true                                   {manageable} {command line}
   size_t InitialHeapSize                          = 268435456                                 {product} {command line}
   size_t MarkStackSize                            = 4194304                                   {product} {ergonomic}
   size_t MaxHeapSize                              = 536870912                                 {product} {command line}
   size_t MaxMetaspaceSize                         = 402653184                                 {product} {command line}
   size_t MaxNewSize                               = 321912832                                 {product} {ergonomic}
   size_t MinHeapDeltaBytes                        = 1048576                                   {product} {ergonomic}
   size_t MinHeapSize                              = 268435456                                 {product} {command line}
    uintx NonNMethodCodeHeapSize                   = 5832780                                {pd product} {ergonomic}
    uintx NonProfiledCodeHeapSize                  = 122912730                              {pd product} {ergonomic}
    uintx ProfiledCodeHeapSize                     = 122912730                              {pd product} {ergonomic}
    uintx ReservedCodeCacheSize                    = 251658240                              {pd product} {ergonomic}
     bool SegmentedCodeCache                       = true                                      {product} {ergonomic}
   size_t SoftMaxHeapSize                          = 536870912                              {manageable} {ergonomic}
     bool UseCompressedClassPointers               = true                           {product lp64_product} {ergonomic}
     bool UseCompressedOops                        = true                           {product lp64_product} {ergonomic}
     bool UseG1GC                                  = true                                      {product} {ergonomic}
     bool UseLargePagesIndividualAllocation        = false                                  {pd product} {ergonomic}

Logging:
Log output configuration:
 #0: stdout all=warning uptime,level,tags foldmultilines=false
 #1: stderr all=off uptime,level,tags foldmultilines=false

Environment Variables:
PATH=C:\Windows\system32;C:\Windows;C:\Windows\System32\Wbem;C:\Windows\System32\WindowsPowerShell\v1.0\;C:\Windows\System32\OpenSSH\;C:\Program Files\Git\cmd;C:\Users\hieuh\AppData\Local\Microsoft\WindowsApps;
USERNAME=hieuh
OS=Windows_NT
PROCESSOR_IDENTIFIER=Intel64 Family 6 Model 69 Stepping 1, GenuineIntel
TMP=C:\Users\hieuh\AppData\Local\Temp
TEMP=C:\Users\hieuh\AppData\Local\Temp




---------------  S Y S T E M  ---------------

OS:
 Windows 11 , 64 bit Build 22621 (10.0.22621.2506)
OS uptime: 0 days 20:55 hours

CPU: total 4 (initial active 4) (2 cores per cpu, 2 threads per core) family 6 model 69 stepping 1 microcode 0x26, cx8, cmov, fxsr, ht, mmx, sse, sse2, sse3, ssse3, sse4.1, sse4.2, popcnt, lzcnt, tsc, tscinvbit, avx, avx2, aes, erms, clmul, bmi1, bmi2, fma, vzeroupper, clflush, rdtscp, f16c

Memory: 4k page, system-wide physical 4001M (252M free)
TotalPageFile size 15265M (AvailPageFile size 2634M)
current process WorkingSet (physical memory assigned to process): 143M, peak: 364M
current process commit charge ("private bytes"): 468M, peak: 480M

vm_info: OpenJDK 64-Bit Server VM (20.0.2+9-78) for windows-amd64 JRE (20.0.2+9-78), built on 2023-06-14T10:08:48Z by "mach5one" with MS VC++ 17.1 (VS2022)

END.
